2020-03-12 22:59:39,853 torch version 1.4.0
2020-03-12 22:59:39,853 numpy version 1.14.0
2020-03-12 22:59:39,853 pandas version 0.24.2
2020-03-12 22:59:39,853 {'model_name': 'model_03', 'dir_dataset': PosixPath('../../dataset'), 'dir_model': PosixPath('_model'), 'img_type': 'square_resize', 'architecture': 'resnet34', 'epoch': 60, 'batch_size': 32, 'multi_sample_aug': 'cutmix', 'debug': 0, 'seed': 1050}
2020-03-12 22:59:40,192 train images: ['Train_172070.png', 'Train_195121.png', 'Train_106860.png', 'Train_13432.png', 'Train_31528.png']
2020-03-12 22:59:40,192 valid images: ['Train_1638.png', 'Train_149717.png', 'Train_117264.png', 'Train_23110.png', 'Train_163183.png']
2020-03-12 22:59:40,192 ==> prepare dataset
2020-03-12 22:59:40,192 ==> use cutmix
2020-03-12 22:59:45,937 ==> create data loader
2020-03-12 22:59:46,655 ==> build model
2020-03-13 00:01:52,360 Train Scores - Epoch: 1  Acc [(GR): 0.897 (VD): 0.951 (CD): 0.913]  Recall [(GR): 0.902 (VD): 0.891 (CD): 0.807 (Ave): 0.876]
2020-03-13 00:06:12,261 Valid Scores - Epoch: 1  Acc [(GR): 0.889 (VD): 0.948 (CD): 0.906]  Recall [(GR): 0.897 (VD): 0.884 (CD): 0.768 (Ave): 0.861]
2020-03-13 00:46:33,365 Train Scores - Epoch: 2  Acc [(GR): 0.931 (VD): 0.973 (CD): 0.947]  Recall [(GR): 0.940 (VD): 0.955 (CD): 0.884 (Ave): 0.930]
2020-03-13 00:46:58,313 Valid Scores - Epoch: 2  Acc [(GR): 0.920 (VD): 0.970 (CD): 0.945]  Recall [(GR): 0.928 (VD): 0.947 (CD): 0.860 (Ave): 0.916]
2020-03-13 01:26:12,588 Train Scores - Epoch: 3  Acc [(GR): 0.943 (VD): 0.980 (CD): 0.976]  Recall [(GR): 0.942 (VD): 0.963 (CD): 0.953 (Ave): 0.950]
2020-03-13 01:26:37,599 Valid Scores - Epoch: 3  Acc [(GR): 0.935 (VD): 0.977 (CD): 0.975]  Recall [(GR): 0.934 (VD): 0.960 (CD): 0.941 (Ave): 0.942]
2020-03-13 02:05:54,253 Train Scores - Epoch: 4  Acc [(GR): 0.947 (VD): 0.984 (CD): 0.976]  Recall [(GR): 0.953 (VD): 0.974 (CD): 0.950 (Ave): 0.958]
2020-03-13 02:06:19,364 Valid Scores - Epoch: 4  Acc [(GR): 0.937 (VD): 0.981 (CD): 0.974]  Recall [(GR): 0.941 (VD): 0.972 (CD): 0.936 (Ave): 0.947]
2020-03-13 02:45:23,988 Train Scores - Epoch: 5  Acc [(GR): 0.955 (VD): 0.988 (CD): 0.982]  Recall [(GR): 0.960 (VD): 0.984 (CD): 0.964 (Ave): 0.967]
2020-03-13 02:45:48,882 Valid Scores - Epoch: 5  Acc [(GR): 0.945 (VD): 0.984 (CD): 0.981]  Recall [(GR): 0.949 (VD): 0.974 (CD): 0.957 (Ave): 0.957]
2020-03-13 03:24:48,617 Train Scores - Epoch: 6  Acc [(GR): 0.953 (VD): 0.990 (CD): 0.984]  Recall [(GR): 0.960 (VD): 0.984 (CD): 0.974 (Ave): 0.969]
2020-03-13 03:25:13,604 Valid Scores - Epoch: 6  Acc [(GR): 0.944 (VD): 0.986 (CD): 0.980]  Recall [(GR): 0.950 (VD): 0.976 (CD): 0.957 (Ave): 0.958]
2020-03-13 04:04:12,424 Train Scores - Epoch: 7  Acc [(GR): 0.959 (VD): 0.990 (CD): 0.983]  Recall [(GR): 0.964 (VD): 0.985 (CD): 0.965 (Ave): 0.970]
2020-03-13 04:04:37,390 Valid Scores - Epoch: 7  Acc [(GR): 0.949 (VD): 0.985 (CD): 0.981]  Recall [(GR): 0.952 (VD): 0.978 (CD): 0.957 (Ave): 0.960]
2020-03-13 04:43:37,168 Train Scores - Epoch: 8  Acc [(GR): 0.964 (VD): 0.990 (CD): 0.984]  Recall [(GR): 0.967 (VD): 0.986 (CD): 0.965 (Ave): 0.971]
2020-03-13 04:44:01,843 Valid Scores - Epoch: 8  Acc [(GR): 0.952 (VD): 0.986 (CD): 0.981]  Recall [(GR): 0.955 (VD): 0.977 (CD): 0.950 (Ave): 0.959]
2020-03-13 05:23:09,619 Train Scores - Epoch: 9  Acc [(GR): 0.966 (VD): 0.990 (CD): 0.989]  Recall [(GR): 0.969 (VD): 0.985 (CD): 0.976 (Ave): 0.975]
2020-03-13 05:23:34,582 Valid Scores - Epoch: 9  Acc [(GR): 0.952 (VD): 0.986 (CD): 0.985]  Recall [(GR): 0.955 (VD): 0.978 (CD): 0.966 (Ave): 0.964]
2020-03-13 06:02:37,155 Train Scores - Epoch:10  Acc [(GR): 0.962 (VD): 0.987 (CD): 0.985]  Recall [(GR): 0.966 (VD): 0.984 (CD): 0.978 (Ave): 0.973]
2020-03-13 06:03:01,818 Valid Scores - Epoch:10  Acc [(GR): 0.949 (VD): 0.983 (CD): 0.982]  Recall [(GR): 0.954 (VD): 0.976 (CD): 0.966 (Ave): 0.962]
2020-03-13 06:42:45,029 Train Scores - Epoch:11  Acc [(GR): 0.967 (VD): 0.992 (CD): 0.988]  Recall [(GR): 0.970 (VD): 0.989 (CD): 0.982 (Ave): 0.978]
2020-03-13 06:43:10,656 Valid Scores - Epoch:11  Acc [(GR): 0.954 (VD): 0.987 (CD): 0.986]  Recall [(GR): 0.957 (VD): 0.980 (CD): 0.972 (Ave): 0.966]
2020-03-13 07:24:03,041 Train Scores - Epoch:12  Acc [(GR): 0.971 (VD): 0.992 (CD): 0.988]  Recall [(GR): 0.972 (VD): 0.988 (CD): 0.983 (Ave): 0.979]
2020-03-13 07:24:28,649 Valid Scores - Epoch:12  Acc [(GR): 0.956 (VD): 0.988 (CD): 0.986]  Recall [(GR): 0.960 (VD): 0.982 (CD): 0.968 (Ave): 0.967]
2020-03-13 08:03:42,262 Train Scores - Epoch:13  Acc [(GR): 0.971 (VD): 0.992 (CD): 0.988]  Recall [(GR): 0.974 (VD): 0.989 (CD): 0.980 (Ave): 0.979]
2020-03-13 08:04:06,888 Valid Scores - Epoch:13  Acc [(GR): 0.956 (VD): 0.989 (CD): 0.985]  Recall [(GR): 0.958 (VD): 0.984 (CD): 0.968 (Ave): 0.967]
2020-03-13 08:43:10,102 Train Scores - Epoch:14  Acc [(GR): 0.972 (VD): 0.993 (CD): 0.989]  Recall [(GR): 0.975 (VD): 0.990 (CD): 0.983 (Ave): 0.981]
2020-03-13 08:43:35,063 Valid Scores - Epoch:14  Acc [(GR): 0.957 (VD): 0.988 (CD): 0.986]  Recall [(GR): 0.961 (VD): 0.982 (CD): 0.969 (Ave): 0.969]
2020-03-13 09:22:37,098 Train Scores - Epoch:15  Acc [(GR): 0.971 (VD): 0.993 (CD): 0.990]  Recall [(GR): 0.974 (VD): 0.989 (CD): 0.983 (Ave): 0.980]
2020-03-13 09:23:01,776 Valid Scores - Epoch:15  Acc [(GR): 0.954 (VD): 0.988 (CD): 0.986]  Recall [(GR): 0.958 (VD): 0.982 (CD): 0.972 (Ave): 0.967]
2020-03-13 10:02:04,971 Train Scores - Epoch:16  Acc [(GR): 0.974 (VD): 0.993 (CD): 0.990]  Recall [(GR): 0.978 (VD): 0.990 (CD): 0.981 (Ave): 0.982]
2020-03-13 10:02:29,525 Valid Scores - Epoch:16  Acc [(GR): 0.958 (VD): 0.990 (CD): 0.985]  Recall [(GR): 0.962 (VD): 0.983 (CD): 0.966 (Ave): 0.968]
2020-03-13 10:41:40,229 Train Scores - Epoch:17  Acc [(GR): 0.974 (VD): 0.993 (CD): 0.990]  Recall [(GR): 0.979 (VD): 0.991 (CD): 0.986 (Ave): 0.984]
2020-03-13 10:42:04,753 Valid Scores - Epoch:17  Acc [(GR): 0.957 (VD): 0.989 (CD): 0.986]  Recall [(GR): 0.960 (VD): 0.982 (CD): 0.972 (Ave): 0.968]
2020-03-13 11:21:12,321 Train Scores - Epoch:18  Acc [(GR): 0.976 (VD): 0.993 (CD): 0.991]  Recall [(GR): 0.978 (VD): 0.991 (CD): 0.984 (Ave): 0.983]
2020-03-13 11:21:37,249 Valid Scores - Epoch:18  Acc [(GR): 0.958 (VD): 0.990 (CD): 0.986]  Recall [(GR): 0.961 (VD): 0.986 (CD): 0.971 (Ave): 0.970]
2020-03-13 12:00:42,670 Train Scores - Epoch:19  Acc [(GR): 0.976 (VD): 0.994 (CD): 0.991]  Recall [(GR): 0.979 (VD): 0.992 (CD): 0.986 (Ave): 0.984]
2020-03-13 12:01:07,268 Valid Scores - Epoch:19  Acc [(GR): 0.958 (VD): 0.990 (CD): 0.987]  Recall [(GR): 0.959 (VD): 0.985 (CD): 0.973 (Ave): 0.969]
2020-03-13 12:40:11,264 Train Scores - Epoch:20  Acc [(GR): 0.977 (VD): 0.994 (CD): 0.990]  Recall [(GR): 0.981 (VD): 0.992 (CD): 0.984 (Ave): 0.984]
2020-03-13 12:40:36,225 Valid Scores - Epoch:20  Acc [(GR): 0.962 (VD): 0.991 (CD): 0.989]  Recall [(GR): 0.964 (VD): 0.987 (CD): 0.975 (Ave): 0.973]
2020-03-13 13:19:45,534 Train Scores - Epoch:21  Acc [(GR): 0.979 (VD): 0.994 (CD): 0.991]  Recall [(GR): 0.981 (VD): 0.993 (CD): 0.984 (Ave): 0.985]
2020-03-13 13:20:10,204 Valid Scores - Epoch:21  Acc [(GR): 0.961 (VD): 0.991 (CD): 0.987]  Recall [(GR): 0.963 (VD): 0.986 (CD): 0.973 (Ave): 0.971]
2020-03-13 13:59:20,478 Train Scores - Epoch:22  Acc [(GR): 0.979 (VD): 0.994 (CD): 0.992]  Recall [(GR): 0.981 (VD): 0.992 (CD): 0.988 (Ave): 0.985]
2020-03-13 13:59:45,131 Valid Scores - Epoch:22  Acc [(GR): 0.963 (VD): 0.991 (CD): 0.989]  Recall [(GR): 0.963 (VD): 0.986 (CD): 0.976 (Ave): 0.972]
2020-03-13 14:38:55,663 Train Scores - Epoch:23  Acc [(GR): 0.980 (VD): 0.995 (CD): 0.993]  Recall [(GR): 0.983 (VD): 0.992 (CD): 0.988 (Ave): 0.986]
2020-03-13 14:39:20,362 Valid Scores - Epoch:23  Acc [(GR): 0.964 (VD): 0.990 (CD): 0.988]  Recall [(GR): 0.964 (VD): 0.986 (CD): 0.974 (Ave): 0.972]
2020-03-13 15:18:31,594 Train Scores - Epoch:24  Acc [(GR): 0.980 (VD): 0.995 (CD): 0.993]  Recall [(GR): 0.981 (VD): 0.993 (CD): 0.989 (Ave): 0.986]
2020-03-13 15:18:56,245 Valid Scores - Epoch:24  Acc [(GR): 0.963 (VD): 0.991 (CD): 0.988]  Recall [(GR): 0.965 (VD): 0.987 (CD): 0.973 (Ave): 0.973]
2020-03-13 15:58:01,545 Train Scores - Epoch:25  Acc [(GR): 0.978 (VD): 0.994 (CD): 0.991]  Recall [(GR): 0.983 (VD): 0.992 (CD): 0.984 (Ave): 0.986]
2020-03-13 15:58:26,273 Valid Scores - Epoch:25  Acc [(GR): 0.961 (VD): 0.991 (CD): 0.986]  Recall [(GR): 0.964 (VD): 0.987 (CD): 0.971 (Ave): 0.972]
2020-03-13 16:37:32,662 Train Scores - Epoch:26  Acc [(GR): 0.982 (VD): 0.995 (CD): 0.993]  Recall [(GR): 0.986 (VD): 0.992 (CD): 0.988 (Ave): 0.988]
2020-03-13 16:37:57,664 Valid Scores - Epoch:26  Acc [(GR): 0.965 (VD): 0.991 (CD): 0.989]  Recall [(GR): 0.966 (VD): 0.987 (CD): 0.977 (Ave): 0.974]
2020-03-13 17:17:00,478 Train Scores - Epoch:27  Acc [(GR): 0.982 (VD): 0.995 (CD): 0.993]  Recall [(GR): 0.986 (VD): 0.992 (CD): 0.988 (Ave): 0.988]
2020-03-13 17:17:25,184 Valid Scores - Epoch:27  Acc [(GR): 0.962 (VD): 0.991 (CD): 0.988]  Recall [(GR): 0.966 (VD): 0.986 (CD): 0.974 (Ave): 0.973]
2020-03-13 17:56:34,611 Train Scores - Epoch:28  Acc [(GR): 0.983 (VD): 0.995 (CD): 0.993]  Recall [(GR): 0.985 (VD): 0.993 (CD): 0.986 (Ave): 0.987]
2020-03-13 17:56:59,266 Valid Scores - Epoch:28  Acc [(GR): 0.966 (VD): 0.991 (CD): 0.989]  Recall [(GR): 0.966 (VD): 0.987 (CD): 0.975 (Ave): 0.974]
2020-03-13 18:35:58,992 Train Scores - Epoch:29  Acc [(GR): 0.984 (VD): 0.995 (CD): 0.994]  Recall [(GR): 0.985 (VD): 0.993 (CD): 0.990 (Ave): 0.989]
2020-03-13 18:36:23,992 Valid Scores - Epoch:29  Acc [(GR): 0.965 (VD): 0.991 (CD): 0.990]  Recall [(GR): 0.966 (VD): 0.986 (CD): 0.979 (Ave): 0.974]
2020-03-13 19:15:37,251 Train Scores - Epoch:30  Acc [(GR): 0.984 (VD): 0.995 (CD): 0.994]  Recall [(GR): 0.986 (VD): 0.993 (CD): 0.989 (Ave): 0.989]
2020-03-13 19:16:02,512 Valid Scores - Epoch:30  Acc [(GR): 0.965 (VD): 0.992 (CD): 0.989]  Recall [(GR): 0.967 (VD): 0.988 (CD): 0.976 (Ave): 0.974]
2020-03-13 19:55:44,024 Train Scores - Epoch:31  Acc [(GR): 0.984 (VD): 0.995 (CD): 0.994]  Recall [(GR): 0.987 (VD): 0.993 (CD): 0.989 (Ave): 0.989]
2020-03-13 19:56:09,377 Valid Scores - Epoch:31  Acc [(GR): 0.964 (VD): 0.992 (CD): 0.989]  Recall [(GR): 0.967 (VD): 0.988 (CD): 0.975 (Ave): 0.974]
2020-03-13 20:36:33,960 Train Scores - Epoch:32  Acc [(GR): 0.985 (VD): 0.996 (CD): 0.993]  Recall [(GR): 0.988 (VD): 0.994 (CD): 0.988 (Ave): 0.990]
2020-03-13 20:36:59,598 Valid Scores - Epoch:32  Acc [(GR): 0.966 (VD): 0.992 (CD): 0.988]  Recall [(GR): 0.968 (VD): 0.987 (CD): 0.975 (Ave): 0.975]
2020-03-13 21:17:32,981 Train Scores - Epoch:33  Acc [(GR): 0.986 (VD): 0.997 (CD): 0.995]  Recall [(GR): 0.988 (VD): 0.995 (CD): 0.991 (Ave): 0.991]
2020-03-13 21:17:58,615 Valid Scores - Epoch:33  Acc [(GR): 0.966 (VD): 0.992 (CD): 0.990]  Recall [(GR): 0.969 (VD): 0.989 (CD): 0.977 (Ave): 0.976]
2020-03-13 21:58:12,262 Train Scores - Epoch:34  Acc [(GR): 0.985 (VD): 0.996 (CD): 0.994]  Recall [(GR): 0.988 (VD): 0.994 (CD): 0.990 (Ave): 0.990]
2020-03-13 21:58:39,373 Valid Scores - Epoch:34  Acc [(GR): 0.965 (VD): 0.992 (CD): 0.989]  Recall [(GR): 0.966 (VD): 0.989 (CD): 0.978 (Ave): 0.975]
2020-03-13 22:39:23,100 Train Scores - Epoch:35  Acc [(GR): 0.986 (VD): 0.996 (CD): 0.995]  Recall [(GR): 0.989 (VD): 0.995 (CD): 0.991 (Ave): 0.991]
2020-03-13 22:39:48,899 Valid Scores - Epoch:35  Acc [(GR): 0.968 (VD): 0.992 (CD): 0.990]  Recall [(GR): 0.969 (VD): 0.989 (CD): 0.979 (Ave): 0.976]
2020-03-13 23:19:55,620 Train Scores - Epoch:36  Acc [(GR): 0.988 (VD): 0.997 (CD): 0.995]  Recall [(GR): 0.990 (VD): 0.995 (CD): 0.991 (Ave): 0.992]
2020-03-13 23:20:21,322 Valid Scores - Epoch:36  Acc [(GR): 0.969 (VD): 0.992 (CD): 0.990]  Recall [(GR): 0.969 (VD): 0.989 (CD): 0.976 (Ave): 0.976]
2020-03-14 00:01:07,449 Train Scores - Epoch:37  Acc [(GR): 0.988 (VD): 0.996 (CD): 0.995]  Recall [(GR): 0.990 (VD): 0.994 (CD): 0.992 (Ave): 0.991]
2020-03-14 00:01:35,640 Valid Scores - Epoch:37  Acc [(GR): 0.969 (VD): 0.992 (CD): 0.990]  Recall [(GR): 0.970 (VD): 0.988 (CD): 0.978 (Ave): 0.976]
2020-03-14 00:41:51,235 Train Scores - Epoch:38  Acc [(GR): 0.988 (VD): 0.996 (CD): 0.994]  Recall [(GR): 0.990 (VD): 0.994 (CD): 0.990 (Ave): 0.991]
2020-03-14 00:42:17,243 Valid Scores - Epoch:38  Acc [(GR): 0.968 (VD): 0.992 (CD): 0.989]  Recall [(GR): 0.969 (VD): 0.988 (CD): 0.977 (Ave): 0.976]
2020-03-14 01:21:48,411 Train Scores - Epoch:39  Acc [(GR): 0.989 (VD): 0.996 (CD): 0.995]  Recall [(GR): 0.991 (VD): 0.994 (CD): 0.990 (Ave): 0.992]
2020-03-14 01:22:13,670 Valid Scores - Epoch:39  Acc [(GR): 0.967 (VD): 0.992 (CD): 0.990]  Recall [(GR): 0.968 (VD): 0.988 (CD): 0.977 (Ave): 0.975]
2020-03-14 02:01:46,260 Train Scores - Epoch:40  Acc [(GR): 0.989 (VD): 0.997 (CD): 0.996]  Recall [(GR): 0.991 (VD): 0.996 (CD): 0.993 (Ave): 0.993]
2020-03-14 02:02:11,012 Valid Scores - Epoch:40  Acc [(GR): 0.968 (VD): 0.993 (CD): 0.991]  Recall [(GR): 0.969 (VD): 0.989 (CD): 0.979 (Ave): 0.976]
2020-03-14 02:41:18,957 Train Scores - Epoch:41  Acc [(GR): 0.990 (VD): 0.997 (CD): 0.996]  Recall [(GR): 0.991 (VD): 0.996 (CD): 0.992 (Ave): 0.993]
2020-03-14 02:41:44,086 Valid Scores - Epoch:41  Acc [(GR): 0.970 (VD): 0.993 (CD): 0.991]  Recall [(GR): 0.971 (VD): 0.988 (CD): 0.979 (Ave): 0.977]
2020-03-14 03:20:54,592 Train Scores - Epoch:42  Acc [(GR): 0.990 (VD): 0.997 (CD): 0.996]  Recall [(GR): 0.992 (VD): 0.995 (CD): 0.991 (Ave): 0.992]
2020-03-14 03:21:19,695 Valid Scores - Epoch:42  Acc [(GR): 0.970 (VD): 0.992 (CD): 0.991]  Recall [(GR): 0.970 (VD): 0.988 (CD): 0.981 (Ave): 0.977]
2020-03-14 04:00:33,330 Train Scores - Epoch:43  Acc [(GR): 0.990 (VD): 0.997 (CD): 0.996]  Recall [(GR): 0.992 (VD): 0.996 (CD): 0.990 (Ave): 0.993]
2020-03-14 04:00:58,077 Valid Scores - Epoch:43  Acc [(GR): 0.970 (VD): 0.992 (CD): 0.991]  Recall [(GR): 0.970 (VD): 0.988 (CD): 0.980 (Ave): 0.977]
2020-03-14 04:40:07,162 Train Scores - Epoch:44  Acc [(GR): 0.989 (VD): 0.997 (CD): 0.995]  Recall [(GR): 0.992 (VD): 0.996 (CD): 0.990 (Ave): 0.992]
2020-03-14 04:40:31,849 Valid Scores - Epoch:44  Acc [(GR): 0.969 (VD): 0.993 (CD): 0.990]  Recall [(GR): 0.970 (VD): 0.990 (CD): 0.974 (Ave): 0.976]
2020-03-14 05:19:45,665 Train Scores - Epoch:45  Acc [(GR): 0.990 (VD): 0.997 (CD): 0.995]  Recall [(GR): 0.993 (VD): 0.996 (CD): 0.992 (Ave): 0.993]
2020-03-14 05:20:10,712 Valid Scores - Epoch:45  Acc [(GR): 0.970 (VD): 0.993 (CD): 0.991]  Recall [(GR): 0.971 (VD): 0.990 (CD): 0.980 (Ave): 0.978]
2020-03-14 05:59:21,440 Train Scores - Epoch:46  Acc [(GR): 0.990 (VD): 0.997 (CD): 0.996]  Recall [(GR): 0.993 (VD): 0.995 (CD): 0.992 (Ave): 0.993]
2020-03-14 05:59:46,275 Valid Scores - Epoch:46  Acc [(GR): 0.971 (VD): 0.993 (CD): 0.991]  Recall [(GR): 0.972 (VD): 0.989 (CD): 0.974 (Ave): 0.977]
2020-03-14 06:39:03,195 Train Scores - Epoch:47  Acc [(GR): 0.991 (VD): 0.997 (CD): 0.996]  Recall [(GR): 0.992 (VD): 0.996 (CD): 0.993 (Ave): 0.993]
2020-03-14 06:39:28,028 Valid Scores - Epoch:47  Acc [(GR): 0.970 (VD): 0.993 (CD): 0.990]  Recall [(GR): 0.971 (VD): 0.989 (CD): 0.975 (Ave): 0.977]
2020-03-14 07:18:34,902 Train Scores - Epoch:48  Acc [(GR): 0.991 (VD): 0.997 (CD): 0.996]  Recall [(GR): 0.994 (VD): 0.996 (CD): 0.992 (Ave): 0.994]
2020-03-14 07:18:59,687 Valid Scores - Epoch:48  Acc [(GR): 0.969 (VD): 0.993 (CD): 0.991]  Recall [(GR): 0.970 (VD): 0.989 (CD): 0.980 (Ave): 0.977]
2020-03-14 07:58:11,280 Train Scores - Epoch:49  Acc [(GR): 0.991 (VD): 0.997 (CD): 0.996]  Recall [(GR): 0.993 (VD): 0.995 (CD): 0.989 (Ave): 0.993]
2020-03-14 07:58:35,954 Valid Scores - Epoch:49  Acc [(GR): 0.970 (VD): 0.993 (CD): 0.991]  Recall [(GR): 0.971 (VD): 0.990 (CD): 0.976 (Ave): 0.977]
2020-03-14 08:37:48,375 Train Scores - Epoch:50  Acc [(GR): 0.992 (VD): 0.997 (CD): 0.996]  Recall [(GR): 0.994 (VD): 0.996 (CD): 0.993 (Ave): 0.994]
2020-03-14 08:38:13,020 Valid Scores - Epoch:50  Acc [(GR): 0.971 (VD): 0.993 (CD): 0.991]  Recall [(GR): 0.971 (VD): 0.989 (CD): 0.978 (Ave): 0.977]
2020-03-14 09:17:22,555 Train Scores - Epoch:51  Acc [(GR): 0.992 (VD): 0.997 (CD): 0.996]  Recall [(GR): 0.994 (VD): 0.996 (CD): 0.992 (Ave): 0.994]
2020-03-14 09:17:47,303 Valid Scores - Epoch:51  Acc [(GR): 0.971 (VD): 0.993 (CD): 0.991]  Recall [(GR): 0.972 (VD): 0.990 (CD): 0.976 (Ave): 0.977]
2020-03-14 09:57:05,665 Train Scores - Epoch:52  Acc [(GR): 0.992 (VD): 0.997 (CD): 0.996]  Recall [(GR): 0.994 (VD): 0.996 (CD): 0.993 (Ave): 0.994]
2020-03-14 09:57:30,392 Valid Scores - Epoch:52  Acc [(GR): 0.970 (VD): 0.993 (CD): 0.991]  Recall [(GR): 0.971 (VD): 0.990 (CD): 0.978 (Ave): 0.977]
2020-03-14 10:36:34,009 Train Scores - Epoch:53  Acc [(GR): 0.992 (VD): 0.997 (CD): 0.996]  Recall [(GR): 0.994 (VD): 0.996 (CD): 0.992 (Ave): 0.994]
2020-03-14 10:36:58,737 Valid Scores - Epoch:53  Acc [(GR): 0.971 (VD): 0.994 (CD): 0.991]  Recall [(GR): 0.971 (VD): 0.990 (CD): 0.976 (Ave): 0.977]
2020-03-14 11:16:08,539 Train Scores - Epoch:54  Acc [(GR): 0.992 (VD): 0.997 (CD): 0.996]  Recall [(GR): 0.995 (VD): 0.996 (CD): 0.993 (Ave): 0.994]
2020-03-14 11:16:33,673 Valid Scores - Epoch:54  Acc [(GR): 0.971 (VD): 0.993 (CD): 0.991]  Recall [(GR): 0.972 (VD): 0.990 (CD): 0.978 (Ave): 0.978]
2020-03-14 11:55:51,159 Train Scores - Epoch:55  Acc [(GR): 0.993 (VD): 0.997 (CD): 0.996]  Recall [(GR): 0.995 (VD): 0.995 (CD): 0.993 (Ave): 0.994]
2020-03-14 11:56:16,369 Valid Scores - Epoch:55  Acc [(GR): 0.970 (VD): 0.993 (CD): 0.991]  Recall [(GR): 0.971 (VD): 0.989 (CD): 0.977 (Ave): 0.977]
2020-03-14 12:35:40,959 Train Scores - Epoch:56  Acc [(GR): 0.993 (VD): 0.997 (CD): 0.996]  Recall [(GR): 0.994 (VD): 0.996 (CD): 0.989 (Ave): 0.993]
2020-03-14 12:36:06,286 Valid Scores - Epoch:56  Acc [(GR): 0.971 (VD): 0.993 (CD): 0.991]  Recall [(GR): 0.971 (VD): 0.989 (CD): 0.975 (Ave): 0.977]
2020-03-14 13:16:32,700 Train Scores - Epoch:57  Acc [(GR): 0.992 (VD): 0.997 (CD): 0.996]  Recall [(GR): 0.994 (VD): 0.996 (CD): 0.989 (Ave): 0.993]
2020-03-14 13:16:59,140 Valid Scores - Epoch:57  Acc [(GR): 0.971 (VD): 0.993 (CD): 0.991]  Recall [(GR): 0.972 (VD): 0.989 (CD): 0.975 (Ave): 0.977]
2020-03-14 13:58:01,936 Train Scores - Epoch:58  Acc [(GR): 0.992 (VD): 0.997 (CD): 0.996]  Recall [(GR): 0.995 (VD): 0.996 (CD): 0.993 (Ave): 0.995]
2020-03-14 13:58:27,411 Valid Scores - Epoch:58  Acc [(GR): 0.971 (VD): 0.993 (CD): 0.991]  Recall [(GR): 0.972 (VD): 0.990 (CD): 0.978 (Ave): 0.978]
2020-03-14 14:38:20,758 Train Scores - Epoch:59  Acc [(GR): 0.993 (VD): 0.997 (CD): 0.996]  Recall [(GR): 0.995 (VD): 0.996 (CD): 0.993 (Ave): 0.994]
2020-03-14 14:38:45,896 Valid Scores - Epoch:59  Acc [(GR): 0.971 (VD): 0.993 (CD): 0.991]  Recall [(GR): 0.972 (VD): 0.990 (CD): 0.976 (Ave): 0.977]
2020-03-14 15:18:34,562 Train Scores - Epoch:60  Acc [(GR): 0.992 (VD): 0.994 (CD): 0.995]  Recall [(GR): 0.992 (VD): 0.992 (CD): 0.966 (Ave): 0.986]
2020-03-14 15:18:59,773 Valid Scores - Epoch:60  Acc [(GR): 0.970 (VD): 0.990 (CD): 0.990]  Recall [(GR): 0.967 (VD): 0.987 (CD): 0.957 (Ave): 0.970]
2020-03-14 15:18:59,774 rename model _model/temp_model_54.pth to _model/model_03.pth
2020-03-14 15:19:00,059 elapsed time: 2419.3 [min]
