2020-03-10 06:48:16,338 torch version 1.4.0
2020-03-10 06:48:16,338 numpy version 1.14.0
2020-03-10 06:48:16,338 pandas version 0.24.2
2020-03-10 06:48:16,338 {'model_name': 'model_02', 'dir_dataset': PosixPath('../../dataset'), 'dir_model': PosixPath('_model'), 'img_type': 'square_crop', 'architecture': 'resnet34', 'epoch': 60, 'batch_size': 32, 'mixup_alpha': 1.0, 'debug': 0, 'seed': 1049}
2020-03-10 06:48:16,671 train images: ['Train_53649.png', 'Train_167438.png', 'Train_194586.png', 'Train_121142.png', 'Train_185476.png']
2020-03-10 06:48:16,671 valid images: ['Train_133913.png', 'Train_175680.png', 'Train_78376.png', 'Train_34590.png', 'Train_128533.png']
2020-03-10 06:48:16,672 ==> prepare dataset
2020-03-10 06:48:22,550 ==> create data loader
2020-03-10 06:48:23,266 ==> build model
2020-03-10 07:30:07,944 Train Scores - Epoch: 1  Acc [(GR): 0.922 (VD): 0.979 (CD): 0.977]  Recall [(GR): 0.927 (VD): 0.965 (CD): 0.963 (Ave): 0.945]
2020-03-10 07:30:32,456 Valid Scores - Epoch: 1  Acc [(GR): 0.915 (VD): 0.976 (CD): 0.976]  Recall [(GR): 0.921 (VD): 0.962 (CD): 0.966 (Ave): 0.942]
2020-03-10 08:12:00,608 Train Scores - Epoch: 2  Acc [(GR): 0.947 (VD): 0.984 (CD): 0.982]  Recall [(GR): 0.948 (VD): 0.978 (CD): 0.969 (Ave): 0.961]
2020-03-10 08:12:24,860 Valid Scores - Epoch: 2  Acc [(GR): 0.938 (VD): 0.979 (CD): 0.978]  Recall [(GR): 0.939 (VD): 0.971 (CD): 0.963 (Ave): 0.953]
2020-03-10 08:53:23,247 Train Scores - Epoch: 3  Acc [(GR): 0.956 (VD): 0.987 (CD): 0.985]  Recall [(GR): 0.955 (VD): 0.980 (CD): 0.972 (Ave): 0.965]
2020-03-10 08:53:47,539 Valid Scores - Epoch: 3  Acc [(GR): 0.946 (VD): 0.984 (CD): 0.979]  Recall [(GR): 0.943 (VD): 0.976 (CD): 0.965 (Ave): 0.957]
2020-03-10 09:34:45,755 Train Scores - Epoch: 4  Acc [(GR): 0.960 (VD): 0.988 (CD): 0.986]  Recall [(GR): 0.962 (VD): 0.984 (CD): 0.975 (Ave): 0.971]
2020-03-10 09:35:10,047 Valid Scores - Epoch: 4  Acc [(GR): 0.948 (VD): 0.985 (CD): 0.981]  Recall [(GR): 0.947 (VD): 0.980 (CD): 0.967 (Ave): 0.960]
2020-03-10 10:15:59,973 Train Scores - Epoch: 5  Acc [(GR): 0.964 (VD): 0.988 (CD): 0.988]  Recall [(GR): 0.966 (VD): 0.982 (CD): 0.981 (Ave): 0.974]
2020-03-10 10:16:24,308 Valid Scores - Epoch: 5  Acc [(GR): 0.952 (VD): 0.986 (CD): 0.984]  Recall [(GR): 0.952 (VD): 0.979 (CD): 0.977 (Ave): 0.965]
2020-03-10 10:57:16,765 Train Scores - Epoch: 6  Acc [(GR): 0.966 (VD): 0.989 (CD): 0.988]  Recall [(GR): 0.966 (VD): 0.984 (CD): 0.980 (Ave): 0.974]
2020-03-10 10:57:40,779 Valid Scores - Epoch: 6  Acc [(GR): 0.953 (VD): 0.987 (CD): 0.985]  Recall [(GR): 0.950 (VD): 0.981 (CD): 0.975 (Ave): 0.964]
2020-03-10 11:38:34,101 Train Scores - Epoch: 7  Acc [(GR): 0.968 (VD): 0.991 (CD): 0.990]  Recall [(GR): 0.970 (VD): 0.988 (CD): 0.981 (Ave): 0.978]
2020-03-10 11:38:58,374 Valid Scores - Epoch: 7  Acc [(GR): 0.955 (VD): 0.987 (CD): 0.985]  Recall [(GR): 0.954 (VD): 0.982 (CD): 0.972 (Ave): 0.966]
2020-03-10 12:19:51,957 Train Scores - Epoch: 8  Acc [(GR): 0.967 (VD): 0.991 (CD): 0.990]  Recall [(GR): 0.966 (VD): 0.989 (CD): 0.980 (Ave): 0.975]
2020-03-10 12:20:15,913 Valid Scores - Epoch: 8  Acc [(GR): 0.953 (VD): 0.987 (CD): 0.986]  Recall [(GR): 0.948 (VD): 0.983 (CD): 0.970 (Ave): 0.962]
2020-03-10 13:01:08,598 Train Scores - Epoch: 9  Acc [(GR): 0.971 (VD): 0.991 (CD): 0.991]  Recall [(GR): 0.971 (VD): 0.987 (CD): 0.980 (Ave): 0.977]
2020-03-10 13:01:32,894 Valid Scores - Epoch: 9  Acc [(GR): 0.958 (VD): 0.988 (CD): 0.987]  Recall [(GR): 0.955 (VD): 0.982 (CD): 0.974 (Ave): 0.966]
2020-03-10 13:42:30,026 Train Scores - Epoch:10  Acc [(GR): 0.970 (VD): 0.990 (CD): 0.991]  Recall [(GR): 0.970 (VD): 0.987 (CD): 0.984 (Ave): 0.978]
2020-03-10 13:42:54,284 Valid Scores - Epoch:10  Acc [(GR): 0.957 (VD): 0.986 (CD): 0.986]  Recall [(GR): 0.954 (VD): 0.980 (CD): 0.978 (Ave): 0.967]
2020-03-10 14:23:57,026 Train Scores - Epoch:11  Acc [(GR): 0.973 (VD): 0.992 (CD): 0.992]  Recall [(GR): 0.974 (VD): 0.990 (CD): 0.981 (Ave): 0.980]
2020-03-10 14:24:21,455 Valid Scores - Epoch:11  Acc [(GR): 0.958 (VD): 0.988 (CD): 0.988]  Recall [(GR): 0.957 (VD): 0.982 (CD): 0.981 (Ave): 0.969]
2020-03-10 15:05:19,328 Train Scores - Epoch:12  Acc [(GR): 0.973 (VD): 0.992 (CD): 0.992]  Recall [(GR): 0.976 (VD): 0.988 (CD): 0.984 (Ave): 0.981]
2020-03-10 15:05:43,289 Valid Scores - Epoch:12  Acc [(GR): 0.959 (VD): 0.988 (CD): 0.987]  Recall [(GR): 0.956 (VD): 0.982 (CD): 0.977 (Ave): 0.968]
2020-03-10 15:46:40,392 Train Scores - Epoch:13  Acc [(GR): 0.973 (VD): 0.992 (CD): 0.992]  Recall [(GR): 0.975 (VD): 0.990 (CD): 0.982 (Ave): 0.981]
2020-03-10 15:47:04,738 Valid Scores - Epoch:13  Acc [(GR): 0.959 (VD): 0.989 (CD): 0.988]  Recall [(GR): 0.957 (VD): 0.983 (CD): 0.981 (Ave): 0.969]
2020-03-10 16:28:06,810 Train Scores - Epoch:14  Acc [(GR): 0.975 (VD): 0.993 (CD): 0.993]  Recall [(GR): 0.977 (VD): 0.990 (CD): 0.986 (Ave): 0.983]
2020-03-10 16:28:30,785 Valid Scores - Epoch:14  Acc [(GR): 0.958 (VD): 0.989 (CD): 0.989]  Recall [(GR): 0.957 (VD): 0.984 (CD): 0.978 (Ave): 0.969]
2020-03-10 17:09:34,831 Train Scores - Epoch:15  Acc [(GR): 0.977 (VD): 0.993 (CD): 0.992]  Recall [(GR): 0.981 (VD): 0.991 (CD): 0.986 (Ave): 0.985]
2020-03-10 17:09:59,158 Valid Scores - Epoch:15  Acc [(GR): 0.959 (VD): 0.989 (CD): 0.988]  Recall [(GR): 0.956 (VD): 0.985 (CD): 0.983 (Ave): 0.970]
2020-03-10 17:50:59,970 Train Scores - Epoch:16  Acc [(GR): 0.979 (VD): 0.994 (CD): 0.992]  Recall [(GR): 0.982 (VD): 0.991 (CD): 0.987 (Ave): 0.985]
2020-03-10 17:51:24,335 Valid Scores - Epoch:16  Acc [(GR): 0.962 (VD): 0.989 (CD): 0.987]  Recall [(GR): 0.961 (VD): 0.982 (CD): 0.977 (Ave): 0.970]
2020-03-10 18:32:24,461 Train Scores - Epoch:17  Acc [(GR): 0.980 (VD): 0.994 (CD): 0.993]  Recall [(GR): 0.981 (VD): 0.990 (CD): 0.988 (Ave): 0.985]
2020-03-10 18:32:48,447 Valid Scores - Epoch:17  Acc [(GR): 0.962 (VD): 0.989 (CD): 0.988]  Recall [(GR): 0.958 (VD): 0.984 (CD): 0.981 (Ave): 0.970]
2020-03-10 19:13:49,192 Train Scores - Epoch:18  Acc [(GR): 0.982 (VD): 0.995 (CD): 0.994]  Recall [(GR): 0.983 (VD): 0.992 (CD): 0.988 (Ave): 0.987]
2020-03-10 19:14:13,247 Valid Scores - Epoch:18  Acc [(GR): 0.963 (VD): 0.990 (CD): 0.989]  Recall [(GR): 0.959 (VD): 0.984 (CD): 0.975 (Ave): 0.969]
2020-03-10 19:55:10,212 Train Scores - Epoch:19  Acc [(GR): 0.983 (VD): 0.995 (CD): 0.995]  Recall [(GR): 0.984 (VD): 0.993 (CD): 0.988 (Ave): 0.987]
2020-03-10 19:55:34,226 Valid Scores - Epoch:19  Acc [(GR): 0.963 (VD): 0.989 (CD): 0.989]  Recall [(GR): 0.958 (VD): 0.985 (CD): 0.976 (Ave): 0.969]
2020-03-10 20:36:36,579 Train Scores - Epoch:20  Acc [(GR): 0.981 (VD): 0.995 (CD): 0.995]  Recall [(GR): 0.984 (VD): 0.992 (CD): 0.988 (Ave): 0.987]
2020-03-10 20:37:01,142 Valid Scores - Epoch:20  Acc [(GR): 0.963 (VD): 0.990 (CD): 0.989]  Recall [(GR): 0.961 (VD): 0.984 (CD): 0.976 (Ave): 0.970]
2020-03-10 21:18:19,913 Train Scores - Epoch:21  Acc [(GR): 0.984 (VD): 0.995 (CD): 0.994]  Recall [(GR): 0.985 (VD): 0.992 (CD): 0.993 (Ave): 0.989]
2020-03-10 21:18:44,592 Valid Scores - Epoch:21  Acc [(GR): 0.964 (VD): 0.990 (CD): 0.988]  Recall [(GR): 0.960 (VD): 0.985 (CD): 0.981 (Ave): 0.972]
2020-03-10 22:00:32,340 Train Scores - Epoch:22  Acc [(GR): 0.983 (VD): 0.996 (CD): 0.995]  Recall [(GR): 0.985 (VD): 0.994 (CD): 0.989 (Ave): 0.988]
2020-03-10 22:00:56,782 Valid Scores - Epoch:22  Acc [(GR): 0.964 (VD): 0.990 (CD): 0.989]  Recall [(GR): 0.959 (VD): 0.985 (CD): 0.984 (Ave): 0.972]
2020-03-10 22:43:00,601 Train Scores - Epoch:23  Acc [(GR): 0.985 (VD): 0.996 (CD): 0.996]  Recall [(GR): 0.988 (VD): 0.994 (CD): 0.991 (Ave): 0.990]
2020-03-10 22:43:25,327 Valid Scores - Epoch:23  Acc [(GR): 0.963 (VD): 0.991 (CD): 0.990]  Recall [(GR): 0.962 (VD): 0.985 (CD): 0.983 (Ave): 0.973]
2020-03-10 23:24:59,000 Train Scores - Epoch:24  Acc [(GR): 0.986 (VD): 0.996 (CD): 0.996]  Recall [(GR): 0.987 (VD): 0.994 (CD): 0.990 (Ave): 0.990]
2020-03-10 23:25:23,043 Valid Scores - Epoch:24  Acc [(GR): 0.964 (VD): 0.991 (CD): 0.990]  Recall [(GR): 0.961 (VD): 0.984 (CD): 0.979 (Ave): 0.971]
2020-03-11 00:06:32,295 Train Scores - Epoch:25  Acc [(GR): 0.986 (VD): 0.996 (CD): 0.996]  Recall [(GR): 0.989 (VD): 0.994 (CD): 0.991 (Ave): 0.991]
2020-03-11 00:06:56,687 Valid Scores - Epoch:25  Acc [(GR): 0.964 (VD): 0.991 (CD): 0.990]  Recall [(GR): 0.960 (VD): 0.987 (CD): 0.983 (Ave): 0.973]
2020-03-11 00:47:56,763 Train Scores - Epoch:26  Acc [(GR): 0.989 (VD): 0.997 (CD): 0.996]  Recall [(GR): 0.991 (VD): 0.995 (CD): 0.995 (Ave): 0.993]
2020-03-11 00:48:21,117 Valid Scores - Epoch:26  Acc [(GR): 0.964 (VD): 0.990 (CD): 0.989]  Recall [(GR): 0.962 (VD): 0.984 (CD): 0.983 (Ave): 0.973]
2020-03-11 01:29:26,150 Train Scores - Epoch:27  Acc [(GR): 0.989 (VD): 0.997 (CD): 0.996]  Recall [(GR): 0.991 (VD): 0.995 (CD): 0.993 (Ave): 0.993]
2020-03-11 01:29:50,156 Valid Scores - Epoch:27  Acc [(GR): 0.963 (VD): 0.991 (CD): 0.989]  Recall [(GR): 0.959 (VD): 0.986 (CD): 0.984 (Ave): 0.972]
2020-03-11 02:10:52,084 Train Scores - Epoch:28  Acc [(GR): 0.989 (VD): 0.996 (CD): 0.996]  Recall [(GR): 0.991 (VD): 0.994 (CD): 0.988 (Ave): 0.991]
2020-03-11 02:11:16,170 Valid Scores - Epoch:28  Acc [(GR): 0.964 (VD): 0.990 (CD): 0.989]  Recall [(GR): 0.960 (VD): 0.986 (CD): 0.982 (Ave): 0.972]
2020-03-11 02:52:22,627 Train Scores - Epoch:29  Acc [(GR): 0.991 (VD): 0.997 (CD): 0.997]  Recall [(GR): 0.993 (VD): 0.995 (CD): 0.992 (Ave): 0.993]
2020-03-11 02:52:46,665 Valid Scores - Epoch:29  Acc [(GR): 0.964 (VD): 0.991 (CD): 0.990]  Recall [(GR): 0.958 (VD): 0.986 (CD): 0.982 (Ave): 0.971]
2020-03-11 03:33:51,435 Train Scores - Epoch:30  Acc [(GR): 0.993 (VD): 0.997 (CD): 0.997]  Recall [(GR): 0.995 (VD): 0.995 (CD): 0.993 (Ave): 0.994]
2020-03-11 03:34:15,433 Valid Scores - Epoch:30  Acc [(GR): 0.964 (VD): 0.991 (CD): 0.990]  Recall [(GR): 0.960 (VD): 0.986 (CD): 0.983 (Ave): 0.972]
2020-03-11 04:15:15,518 Train Scores - Epoch:31  Acc [(GR): 0.992 (VD): 0.997 (CD): 0.997]  Recall [(GR): 0.994 (VD): 0.996 (CD): 0.992 (Ave): 0.994]
2020-03-11 04:15:39,552 Valid Scores - Epoch:31  Acc [(GR): 0.964 (VD): 0.991 (CD): 0.989]  Recall [(GR): 0.960 (VD): 0.987 (CD): 0.983 (Ave): 0.973]
2020-03-11 04:56:47,349 Train Scores - Epoch:32  Acc [(GR): 0.993 (VD): 0.997 (CD): 0.998]  Recall [(GR): 0.995 (VD): 0.996 (CD): 0.995 (Ave): 0.995]
2020-03-11 04:57:11,418 Valid Scores - Epoch:32  Acc [(GR): 0.965 (VD): 0.991 (CD): 0.990]  Recall [(GR): 0.959 (VD): 0.988 (CD): 0.982 (Ave): 0.972]
2020-03-11 05:38:11,977 Train Scores - Epoch:33  Acc [(GR): 0.995 (VD): 0.997 (CD): 0.998]  Recall [(GR): 0.996 (VD): 0.996 (CD): 0.993 (Ave): 0.995]
2020-03-11 05:38:36,386 Valid Scores - Epoch:33  Acc [(GR): 0.967 (VD): 0.990 (CD): 0.989]  Recall [(GR): 0.963 (VD): 0.987 (CD): 0.983 (Ave): 0.974]
2020-03-11 06:19:53,316 Train Scores - Epoch:34  Acc [(GR): 0.993 (VD): 0.998 (CD): 0.998]  Recall [(GR): 0.995 (VD): 0.997 (CD): 0.993 (Ave): 0.995]
2020-03-11 06:20:17,500 Valid Scores - Epoch:34  Acc [(GR): 0.965 (VD): 0.991 (CD): 0.990]  Recall [(GR): 0.962 (VD): 0.986 (CD): 0.980 (Ave): 0.973]
2020-03-11 07:01:24,483 Train Scores - Epoch:35  Acc [(GR): 0.995 (VD): 0.998 (CD): 0.998]  Recall [(GR): 0.997 (VD): 0.997 (CD): 0.994 (Ave): 0.996]
2020-03-11 07:01:48,459 Valid Scores - Epoch:35  Acc [(GR): 0.966 (VD): 0.992 (CD): 0.991]  Recall [(GR): 0.961 (VD): 0.988 (CD): 0.983 (Ave): 0.973]
2020-03-11 07:42:46,122 Train Scores - Epoch:36  Acc [(GR): 0.994 (VD): 0.998 (CD): 0.998]  Recall [(GR): 0.996 (VD): 0.997 (CD): 0.995 (Ave): 0.996]
2020-03-11 07:43:10,172 Valid Scores - Epoch:36  Acc [(GR): 0.966 (VD): 0.992 (CD): 0.990]  Recall [(GR): 0.961 (VD): 0.987 (CD): 0.983 (Ave): 0.973]
2020-03-11 08:24:06,543 Train Scores - Epoch:37  Acc [(GR): 0.996 (VD): 0.998 (CD): 0.998]  Recall [(GR): 0.997 (VD): 0.998 (CD): 0.994 (Ave): 0.996]
2020-03-11 08:24:30,519 Valid Scores - Epoch:37  Acc [(GR): 0.966 (VD): 0.991 (CD): 0.990]  Recall [(GR): 0.960 (VD): 0.987 (CD): 0.984 (Ave): 0.973]
2020-03-11 09:05:31,546 Train Scores - Epoch:38  Acc [(GR): 0.994 (VD): 0.998 (CD): 0.998]  Recall [(GR): 0.997 (VD): 0.998 (CD): 0.995 (Ave): 0.996]
2020-03-11 09:05:55,451 Valid Scores - Epoch:38  Acc [(GR): 0.966 (VD): 0.991 (CD): 0.990]  Recall [(GR): 0.963 (VD): 0.986 (CD): 0.978 (Ave): 0.973]
2020-03-11 09:46:51,225 Train Scores - Epoch:39  Acc [(GR): 0.996 (VD): 0.999 (CD): 0.998]  Recall [(GR): 0.998 (VD): 0.998 (CD): 0.996 (Ave): 0.997]
2020-03-11 09:47:15,265 Valid Scores - Epoch:39  Acc [(GR): 0.967 (VD): 0.991 (CD): 0.990]  Recall [(GR): 0.962 (VD): 0.986 (CD): 0.981 (Ave): 0.973]
2020-03-11 10:28:07,863 Train Scores - Epoch:40  Acc [(GR): 0.997 (VD): 0.998 (CD): 0.998]  Recall [(GR): 0.998 (VD): 0.998 (CD): 0.996 (Ave): 0.997]
2020-03-11 10:28:31,914 Valid Scores - Epoch:40  Acc [(GR): 0.967 (VD): 0.992 (CD): 0.990]  Recall [(GR): 0.960 (VD): 0.986 (CD): 0.985 (Ave): 0.973]
2020-03-11 11:09:33,160 Train Scores - Epoch:41  Acc [(GR): 0.997 (VD): 0.998 (CD): 0.999]  Recall [(GR): 0.998 (VD): 0.998 (CD): 0.995 (Ave): 0.997]
2020-03-11 11:09:57,121 Valid Scores - Epoch:41  Acc [(GR): 0.966 (VD): 0.991 (CD): 0.990]  Recall [(GR): 0.959 (VD): 0.987 (CD): 0.983 (Ave): 0.972]
2020-03-11 11:50:51,028 Train Scores - Epoch:42  Acc [(GR): 0.997 (VD): 0.999 (CD): 0.999]  Recall [(GR): 0.998 (VD): 0.998 (CD): 0.996 (Ave): 0.997]
2020-03-11 11:51:15,019 Valid Scores - Epoch:42  Acc [(GR): 0.967 (VD): 0.992 (CD): 0.990]  Recall [(GR): 0.961 (VD): 0.986 (CD): 0.982 (Ave): 0.972]
2020-03-11 12:32:14,856 Train Scores - Epoch:43  Acc [(GR): 0.997 (VD): 0.999 (CD): 0.999]  Recall [(GR): 0.998 (VD): 0.998 (CD): 0.996 (Ave): 0.998]
2020-03-11 12:32:39,170 Valid Scores - Epoch:43  Acc [(GR): 0.968 (VD): 0.991 (CD): 0.990]  Recall [(GR): 0.963 (VD): 0.987 (CD): 0.983 (Ave): 0.974]
2020-03-11 13:13:41,598 Train Scores - Epoch:44  Acc [(GR): 0.998 (VD): 0.999 (CD): 0.999]  Recall [(GR): 0.998 (VD): 0.998 (CD): 0.996 (Ave): 0.998]
2020-03-11 13:14:05,635 Valid Scores - Epoch:44  Acc [(GR): 0.968 (VD): 0.992 (CD): 0.990]  Recall [(GR): 0.962 (VD): 0.986 (CD): 0.985 (Ave): 0.974]
2020-03-11 13:55:06,536 Train Scores - Epoch:45  Acc [(GR): 0.998 (VD): 0.999 (CD): 0.999]  Recall [(GR): 0.999 (VD): 0.998 (CD): 0.996 (Ave): 0.998]
2020-03-11 13:55:30,514 Valid Scores - Epoch:45  Acc [(GR): 0.967 (VD): 0.992 (CD): 0.990]  Recall [(GR): 0.962 (VD): 0.986 (CD): 0.982 (Ave): 0.973]
2020-03-11 14:36:28,008 Train Scores - Epoch:46  Acc [(GR): 0.998 (VD): 0.999 (CD): 0.999]  Recall [(GR): 0.999 (VD): 0.999 (CD): 0.997 (Ave): 0.998]
2020-03-11 14:36:51,970 Valid Scores - Epoch:46  Acc [(GR): 0.967 (VD): 0.992 (CD): 0.990]  Recall [(GR): 0.960 (VD): 0.987 (CD): 0.984 (Ave): 0.973]
2020-03-11 15:17:50,455 Train Scores - Epoch:47  Acc [(GR): 0.998 (VD): 0.999 (CD): 0.999]  Recall [(GR): 0.999 (VD): 0.999 (CD): 0.997 (Ave): 0.998]
2020-03-11 15:18:14,375 Valid Scores - Epoch:47  Acc [(GR): 0.967 (VD): 0.991 (CD): 0.990]  Recall [(GR): 0.961 (VD): 0.987 (CD): 0.980 (Ave): 0.972]
2020-03-11 15:59:15,600 Train Scores - Epoch:48  Acc [(GR): 0.998 (VD): 0.999 (CD): 0.999]  Recall [(GR): 0.999 (VD): 0.999 (CD): 0.997 (Ave): 0.998]
2020-03-11 15:59:39,565 Valid Scores - Epoch:48  Acc [(GR): 0.968 (VD): 0.992 (CD): 0.990]  Recall [(GR): 0.963 (VD): 0.986 (CD): 0.981 (Ave): 0.973]
2020-03-11 16:40:39,750 Train Scores - Epoch:49  Acc [(GR): 0.999 (VD): 0.999 (CD): 0.999]  Recall [(GR): 0.999 (VD): 0.999 (CD): 0.996 (Ave): 0.998]
2020-03-11 16:41:03,723 Valid Scores - Epoch:49  Acc [(GR): 0.968 (VD): 0.992 (CD): 0.990]  Recall [(GR): 0.961 (VD): 0.987 (CD): 0.985 (Ave): 0.973]
2020-03-11 17:22:03,422 Train Scores - Epoch:50  Acc [(GR): 0.999 (VD): 0.999 (CD): 0.999]  Recall [(GR): 0.999 (VD): 0.999 (CD): 0.997 (Ave): 0.999]
2020-03-11 17:22:27,414 Valid Scores - Epoch:50  Acc [(GR): 0.968 (VD): 0.992 (CD): 0.990]  Recall [(GR): 0.962 (VD): 0.986 (CD): 0.983 (Ave): 0.973]
2020-03-11 18:03:24,089 Train Scores - Epoch:51  Acc [(GR): 0.999 (VD): 0.999 (CD): 0.999]  Recall [(GR): 0.999 (VD): 0.999 (CD): 0.997 (Ave): 0.999]
2020-03-11 18:03:48,053 Valid Scores - Epoch:51  Acc [(GR): 0.969 (VD): 0.991 (CD): 0.990]  Recall [(GR): 0.963 (VD): 0.986 (CD): 0.983 (Ave): 0.973]
2020-03-11 18:44:44,441 Train Scores - Epoch:52  Acc [(GR): 0.999 (VD): 0.999 (CD): 0.999]  Recall [(GR): 0.999 (VD): 0.999 (CD): 0.997 (Ave): 0.999]
2020-03-11 18:45:08,801 Valid Scores - Epoch:52  Acc [(GR): 0.969 (VD): 0.992 (CD): 0.990]  Recall [(GR): 0.963 (VD): 0.986 (CD): 0.984 (Ave): 0.974]
2020-03-11 19:26:03,933 Train Scores - Epoch:53  Acc [(GR): 0.999 (VD): 0.999 (CD): 0.999]  Recall [(GR): 0.999 (VD): 0.999 (CD): 0.997 (Ave): 0.999]
2020-03-11 19:26:28,070 Valid Scores - Epoch:53  Acc [(GR): 0.968 (VD): 0.992 (CD): 0.990]  Recall [(GR): 0.962 (VD): 0.986 (CD): 0.982 (Ave): 0.973]
2020-03-11 20:07:29,394 Train Scores - Epoch:54  Acc [(GR): 0.999 (VD): 0.999 (CD): 0.999]  Recall [(GR): 0.999 (VD): 0.999 (CD): 0.997 (Ave): 0.999]
2020-03-11 20:07:53,483 Valid Scores - Epoch:54  Acc [(GR): 0.968 (VD): 0.992 (CD): 0.990]  Recall [(GR): 0.961 (VD): 0.986 (CD): 0.983 (Ave): 0.973]
2020-03-11 20:49:10,930 Train Scores - Epoch:55  Acc [(GR): 0.999 (VD): 0.999 (CD): 0.999]  Recall [(GR): 0.999 (VD): 0.999 (CD): 0.997 (Ave): 0.999]
2020-03-11 20:49:35,120 Valid Scores - Epoch:55  Acc [(GR): 0.968 (VD): 0.992 (CD): 0.990]  Recall [(GR): 0.962 (VD): 0.986 (CD): 0.985 (Ave): 0.974]
2020-03-11 21:30:55,027 Train Scores - Epoch:56  Acc [(GR): 0.999 (VD): 0.999 (CD): 0.999]  Recall [(GR): 0.999 (VD): 0.999 (CD): 0.997 (Ave): 0.999]
2020-03-11 21:31:19,465 Valid Scores - Epoch:56  Acc [(GR): 0.969 (VD): 0.992 (CD): 0.990]  Recall [(GR): 0.962 (VD): 0.986 (CD): 0.985 (Ave): 0.974]
2020-03-11 22:12:43,384 Train Scores - Epoch:57  Acc [(GR): 0.999 (VD): 0.999 (CD): 0.999]  Recall [(GR): 0.999 (VD): 0.999 (CD): 0.997 (Ave): 0.999]
2020-03-11 22:13:07,485 Valid Scores - Epoch:57  Acc [(GR): 0.969 (VD): 0.992 (CD): 0.990]  Recall [(GR): 0.962 (VD): 0.986 (CD): 0.985 (Ave): 0.974]
2020-03-11 22:54:20,471 Train Scores - Epoch:58  Acc [(GR): 0.999 (VD): 0.999 (CD): 0.999]  Recall [(GR): 0.999 (VD): 0.999 (CD): 0.997 (Ave): 0.999]
2020-03-11 22:54:44,494 Valid Scores - Epoch:58  Acc [(GR): 0.968 (VD): 0.992 (CD): 0.990]  Recall [(GR): 0.961 (VD): 0.986 (CD): 0.985 (Ave): 0.973]
2020-03-11 23:35:52,831 Train Scores - Epoch:59  Acc [(GR): 0.999 (VD): 0.999 (CD): 0.999]  Recall [(GR): 0.999 (VD): 0.999 (CD): 0.997 (Ave): 0.999]
2020-03-11 23:36:16,885 Valid Scores - Epoch:59  Acc [(GR): 0.969 (VD): 0.992 (CD): 0.990]  Recall [(GR): 0.961 (VD): 0.986 (CD): 0.985 (Ave): 0.974]
2020-03-12 00:17:21,033 Train Scores - Epoch:60  Acc [(GR): 0.999 (VD): 0.999 (CD): 0.999]  Recall [(GR): 0.999 (VD): 0.999 (CD): 0.997 (Ave): 0.999]
2020-03-12 00:17:45,175 Valid Scores - Epoch:60  Acc [(GR): 0.969 (VD): 0.992 (CD): 0.990]  Recall [(GR): 0.961 (VD): 0.986 (CD): 0.985 (Ave): 0.973]
2020-03-12 00:17:45,175 rename model _model/temp_model_56.pth to _model/model_02.pth
2020-03-12 00:17:45,477 elapsed time: 2489.5 [min]
