2020-03-08 12:28:15,573 torch version 1.4.0
2020-03-08 12:28:15,573 numpy version 1.14.0
2020-03-08 12:28:15,573 pandas version 0.24.2
2020-03-08 12:28:15,573 {'model_name': 'model_01', 'dir_dataset': PosixPath('../../dataset'), 'dir_model': PosixPath('_model'), 'img_type': 'square_resize', 'architecture': 'resnet34', 'epoch': 60, 'batch_size': 32, 'mixup_alpha': 1.0, 'debug': 0, 'seed': 1048}
2020-03-08 12:28:15,906 train images: ['Train_176703.png', 'Train_25624.png', 'Train_186428.png', 'Train_112948.png', 'Train_81119.png']
2020-03-08 12:28:15,906 valid images: ['Train_46783.png', 'Train_65012.png', 'Train_64429.png', 'Train_167585.png', 'Train_44345.png']
2020-03-08 12:28:15,906 ==> prepare dataset
2020-03-08 12:28:21,634 ==> create data loader
2020-03-08 12:28:22,332 ==> build model
2020-03-08 13:09:27,651 Train Scores - Epoch: 1  Acc [(GR): 0.912 (VD): 0.975 (CD): 0.968]  Recall [(GR): 0.916 (VD): 0.966 (CD): 0.916 (Ave): 0.929]
2020-03-08 13:09:51,941 Valid Scores - Epoch: 1  Acc [(GR): 0.907 (VD): 0.972 (CD): 0.968]  Recall [(GR): 0.906 (VD): 0.958 (CD): 0.931 (Ave): 0.925]
2020-03-08 13:50:53,295 Train Scores - Epoch: 2  Acc [(GR): 0.948 (VD): 0.985 (CD): 0.981]  Recall [(GR): 0.949 (VD): 0.979 (CD): 0.970 (Ave): 0.962]
2020-03-08 13:51:17,684 Valid Scores - Epoch: 2  Acc [(GR): 0.942 (VD): 0.983 (CD): 0.980]  Recall [(GR): 0.936 (VD): 0.975 (CD): 0.965 (Ave): 0.953]
2020-03-08 14:32:22,258 Train Scores - Epoch: 3  Acc [(GR): 0.956 (VD): 0.988 (CD): 0.983]  Recall [(GR): 0.956 (VD): 0.984 (CD): 0.967 (Ave): 0.966]
2020-03-08 14:32:46,645 Valid Scores - Epoch: 3  Acc [(GR): 0.947 (VD): 0.986 (CD): 0.980]  Recall [(GR): 0.943 (VD): 0.978 (CD): 0.970 (Ave): 0.959]
2020-03-08 15:13:48,244 Train Scores - Epoch: 4  Acc [(GR): 0.959 (VD): 0.988 (CD): 0.988]  Recall [(GR): 0.963 (VD): 0.982 (CD): 0.979 (Ave): 0.972]
2020-03-08 15:14:12,632 Valid Scores - Epoch: 4  Acc [(GR): 0.952 (VD): 0.986 (CD): 0.986]  Recall [(GR): 0.952 (VD): 0.979 (CD): 0.975 (Ave): 0.964]
2020-03-08 15:55:18,922 Train Scores - Epoch: 5  Acc [(GR): 0.962 (VD): 0.989 (CD): 0.988]  Recall [(GR): 0.963 (VD): 0.984 (CD): 0.978 (Ave): 0.972]
2020-03-08 15:55:42,920 Valid Scores - Epoch: 5  Acc [(GR): 0.952 (VD): 0.988 (CD): 0.987]  Recall [(GR): 0.949 (VD): 0.981 (CD): 0.976 (Ave): 0.964]
2020-03-08 16:36:41,222 Train Scores - Epoch: 6  Acc [(GR): 0.964 (VD): 0.989 (CD): 0.988]  Recall [(GR): 0.968 (VD): 0.986 (CD): 0.977 (Ave): 0.975]
2020-03-08 16:37:05,506 Valid Scores - Epoch: 6  Acc [(GR): 0.955 (VD): 0.988 (CD): 0.984]  Recall [(GR): 0.954 (VD): 0.982 (CD): 0.974 (Ave): 0.966]
2020-03-08 17:18:01,652 Train Scores - Epoch: 7  Acc [(GR): 0.965 (VD): 0.991 (CD): 0.990]  Recall [(GR): 0.969 (VD): 0.988 (CD): 0.983 (Ave): 0.977]
2020-03-08 17:18:25,702 Valid Scores - Epoch: 7  Acc [(GR): 0.957 (VD): 0.990 (CD): 0.986]  Recall [(GR): 0.954 (VD): 0.986 (CD): 0.967 (Ave): 0.965]
2020-03-08 17:59:23,982 Train Scores - Epoch: 8  Acc [(GR): 0.966 (VD): 0.992 (CD): 0.989]  Recall [(GR): 0.970 (VD): 0.987 (CD): 0.983 (Ave): 0.977]
2020-03-08 17:59:48,297 Valid Scores - Epoch: 8  Acc [(GR): 0.956 (VD): 0.989 (CD): 0.986]  Recall [(GR): 0.956 (VD): 0.983 (CD): 0.972 (Ave): 0.967]
2020-03-08 18:40:49,147 Train Scores - Epoch: 9  Acc [(GR): 0.970 (VD): 0.992 (CD): 0.991]  Recall [(GR): 0.971 (VD): 0.988 (CD): 0.981 (Ave): 0.978]
2020-03-08 18:41:13,527 Valid Scores - Epoch: 9  Acc [(GR): 0.960 (VD): 0.989 (CD): 0.988]  Recall [(GR): 0.954 (VD): 0.983 (CD): 0.977 (Ave): 0.967]
2020-03-08 19:22:05,837 Train Scores - Epoch:10  Acc [(GR): 0.973 (VD): 0.992 (CD): 0.991]  Recall [(GR): 0.975 (VD): 0.988 (CD): 0.987 (Ave): 0.981]
2020-03-08 19:22:30,139 Valid Scores - Epoch:10  Acc [(GR): 0.959 (VD): 0.989 (CD): 0.989]  Recall [(GR): 0.957 (VD): 0.982 (CD): 0.979 (Ave): 0.969]
2020-03-08 20:03:26,982 Train Scores - Epoch:11  Acc [(GR): 0.972 (VD): 0.993 (CD): 0.991]  Recall [(GR): 0.974 (VD): 0.990 (CD): 0.983 (Ave): 0.981]
2020-03-08 20:03:51,054 Valid Scores - Epoch:11  Acc [(GR): 0.958 (VD): 0.990 (CD): 0.988]  Recall [(GR): 0.956 (VD): 0.983 (CD): 0.973 (Ave): 0.967]
2020-03-08 20:44:44,696 Train Scores - Epoch:12  Acc [(GR): 0.974 (VD): 0.993 (CD): 0.992]  Recall [(GR): 0.976 (VD): 0.990 (CD): 0.985 (Ave): 0.982]
2020-03-08 20:45:09,072 Valid Scores - Epoch:12  Acc [(GR): 0.959 (VD): 0.990 (CD): 0.989]  Recall [(GR): 0.958 (VD): 0.984 (CD): 0.976 (Ave): 0.969]
2020-03-08 21:26:08,937 Train Scores - Epoch:13  Acc [(GR): 0.977 (VD): 0.993 (CD): 0.992]  Recall [(GR): 0.978 (VD): 0.988 (CD): 0.985 (Ave): 0.982]
2020-03-08 21:26:33,483 Valid Scores - Epoch:13  Acc [(GR): 0.963 (VD): 0.989 (CD): 0.988]  Recall [(GR): 0.960 (VD): 0.983 (CD): 0.977 (Ave): 0.970]
2020-03-08 22:07:33,136 Train Scores - Epoch:14  Acc [(GR): 0.978 (VD): 0.995 (CD): 0.993]  Recall [(GR): 0.980 (VD): 0.992 (CD): 0.990 (Ave): 0.986]
2020-03-08 22:07:57,409 Valid Scores - Epoch:14  Acc [(GR): 0.961 (VD): 0.990 (CD): 0.989]  Recall [(GR): 0.956 (VD): 0.985 (CD): 0.980 (Ave): 0.969]
2020-03-08 22:49:04,088 Train Scores - Epoch:15  Acc [(GR): 0.978 (VD): 0.992 (CD): 0.993]  Recall [(GR): 0.981 (VD): 0.990 (CD): 0.991 (Ave): 0.986]
2020-03-08 22:49:28,681 Valid Scores - Epoch:15  Acc [(GR): 0.961 (VD): 0.990 (CD): 0.989]  Recall [(GR): 0.957 (VD): 0.987 (CD): 0.983 (Ave): 0.971]
2020-03-08 23:30:36,724 Train Scores - Epoch:16  Acc [(GR): 0.980 (VD): 0.995 (CD): 0.993]  Recall [(GR): 0.982 (VD): 0.993 (CD): 0.991 (Ave): 0.987]
2020-03-08 23:31:01,349 Valid Scores - Epoch:16  Acc [(GR): 0.964 (VD): 0.990 (CD): 0.989]  Recall [(GR): 0.960 (VD): 0.986 (CD): 0.983 (Ave): 0.972]
2020-03-09 00:12:43,357 Train Scores - Epoch:17  Acc [(GR): 0.980 (VD): 0.995 (CD): 0.994]  Recall [(GR): 0.980 (VD): 0.992 (CD): 0.985 (Ave): 0.984]
2020-03-09 00:13:07,617 Valid Scores - Epoch:17  Acc [(GR): 0.962 (VD): 0.991 (CD): 0.989]  Recall [(GR): 0.959 (VD): 0.984 (CD): 0.981 (Ave): 0.971]
2020-03-09 00:54:33,399 Train Scores - Epoch:18  Acc [(GR): 0.982 (VD): 0.995 (CD): 0.993]  Recall [(GR): 0.983 (VD): 0.992 (CD): 0.983 (Ave): 0.985]
2020-03-09 00:54:57,547 Valid Scores - Epoch:18  Acc [(GR): 0.964 (VD): 0.991 (CD): 0.989]  Recall [(GR): 0.960 (VD): 0.986 (CD): 0.980 (Ave): 0.971]
2020-03-09 01:36:24,072 Train Scores - Epoch:19  Acc [(GR): 0.982 (VD): 0.995 (CD): 0.994]  Recall [(GR): 0.985 (VD): 0.992 (CD): 0.992 (Ave): 0.989]
2020-03-09 01:36:48,519 Valid Scores - Epoch:19  Acc [(GR): 0.965 (VD): 0.991 (CD): 0.990]  Recall [(GR): 0.961 (VD): 0.986 (CD): 0.982 (Ave): 0.972]
2020-03-09 02:18:07,188 Train Scores - Epoch:20  Acc [(GR): 0.983 (VD): 0.995 (CD): 0.994]  Recall [(GR): 0.984 (VD): 0.994 (CD): 0.990 (Ave): 0.988]
2020-03-09 02:18:31,244 Valid Scores - Epoch:20  Acc [(GR): 0.964 (VD): 0.991 (CD): 0.988]  Recall [(GR): 0.959 (VD): 0.987 (CD): 0.979 (Ave): 0.971]
2020-03-09 02:59:58,824 Train Scores - Epoch:21  Acc [(GR): 0.985 (VD): 0.995 (CD): 0.994]  Recall [(GR): 0.985 (VD): 0.994 (CD): 0.990 (Ave): 0.989]
2020-03-09 03:00:23,270 Valid Scores - Epoch:21  Acc [(GR): 0.966 (VD): 0.991 (CD): 0.990]  Recall [(GR): 0.960 (VD): 0.989 (CD): 0.983 (Ave): 0.973]
2020-03-09 03:41:46,580 Train Scores - Epoch:22  Acc [(GR): 0.986 (VD): 0.996 (CD): 0.995]  Recall [(GR): 0.986 (VD): 0.995 (CD): 0.993 (Ave): 0.990]
2020-03-09 03:42:10,626 Valid Scores - Epoch:22  Acc [(GR): 0.965 (VD): 0.991 (CD): 0.990]  Recall [(GR): 0.960 (VD): 0.986 (CD): 0.981 (Ave): 0.972]
2020-03-09 04:23:32,329 Train Scores - Epoch:23  Acc [(GR): 0.987 (VD): 0.996 (CD): 0.995]  Recall [(GR): 0.988 (VD): 0.994 (CD): 0.993 (Ave): 0.991]
2020-03-09 04:23:56,449 Valid Scores - Epoch:23  Acc [(GR): 0.964 (VD): 0.991 (CD): 0.990]  Recall [(GR): 0.957 (VD): 0.988 (CD): 0.983 (Ave): 0.971]
2020-03-09 05:05:18,434 Train Scores - Epoch:24  Acc [(GR): 0.988 (VD): 0.996 (CD): 0.995]  Recall [(GR): 0.988 (VD): 0.995 (CD): 0.991 (Ave): 0.991]
2020-03-09 05:05:42,491 Valid Scores - Epoch:24  Acc [(GR): 0.965 (VD): 0.990 (CD): 0.990]  Recall [(GR): 0.958 (VD): 0.987 (CD): 0.978 (Ave): 0.970]
2020-03-09 05:47:03,263 Train Scores - Epoch:25  Acc [(GR): 0.987 (VD): 0.996 (CD): 0.995]  Recall [(GR): 0.988 (VD): 0.995 (CD): 0.991 (Ave): 0.990]
2020-03-09 05:47:27,521 Valid Scores - Epoch:25  Acc [(GR): 0.965 (VD): 0.992 (CD): 0.990]  Recall [(GR): 0.961 (VD): 0.989 (CD): 0.977 (Ave): 0.972]
2020-03-09 06:28:51,720 Train Scores - Epoch:26  Acc [(GR): 0.989 (VD): 0.995 (CD): 0.996]  Recall [(GR): 0.990 (VD): 0.993 (CD): 0.989 (Ave): 0.990]
2020-03-09 06:29:15,909 Valid Scores - Epoch:26  Acc [(GR): 0.966 (VD): 0.991 (CD): 0.990]  Recall [(GR): 0.962 (VD): 0.987 (CD): 0.979 (Ave): 0.973]
2020-03-09 07:12:21,514 Train Scores - Epoch:27  Acc [(GR): 0.989 (VD): 0.997 (CD): 0.995]  Recall [(GR): 0.990 (VD): 0.995 (CD): 0.992 (Ave): 0.992]
2020-03-09 07:12:46,061 Valid Scores - Epoch:27  Acc [(GR): 0.964 (VD): 0.992 (CD): 0.991]  Recall [(GR): 0.958 (VD): 0.988 (CD): 0.983 (Ave): 0.972]
2020-03-09 07:55:05,993 Train Scores - Epoch:28  Acc [(GR): 0.991 (VD): 0.997 (CD): 0.996]  Recall [(GR): 0.992 (VD): 0.995 (CD): 0.995 (Ave): 0.994]
2020-03-09 07:55:30,152 Valid Scores - Epoch:28  Acc [(GR): 0.967 (VD): 0.992 (CD): 0.991]  Recall [(GR): 0.960 (VD): 0.988 (CD): 0.981 (Ave): 0.972]
2020-03-09 08:36:35,392 Train Scores - Epoch:29  Acc [(GR): 0.990 (VD): 0.997 (CD): 0.996]  Recall [(GR): 0.992 (VD): 0.995 (CD): 0.995 (Ave): 0.994]
2020-03-09 08:36:59,730 Valid Scores - Epoch:29  Acc [(GR): 0.967 (VD): 0.991 (CD): 0.990]  Recall [(GR): 0.963 (VD): 0.986 (CD): 0.983 (Ave): 0.974]
2020-03-09 09:18:05,637 Train Scores - Epoch:30  Acc [(GR): 0.992 (VD): 0.996 (CD): 0.996]  Recall [(GR): 0.994 (VD): 0.995 (CD): 0.994 (Ave): 0.994]
2020-03-09 09:18:29,598 Valid Scores - Epoch:30  Acc [(GR): 0.968 (VD): 0.991 (CD): 0.991]  Recall [(GR): 0.962 (VD): 0.987 (CD): 0.982 (Ave): 0.973]
2020-03-09 09:59:29,114 Train Scores - Epoch:31  Acc [(GR): 0.993 (VD): 0.997 (CD): 0.997]  Recall [(GR): 0.995 (VD): 0.997 (CD): 0.996 (Ave): 0.996]
2020-03-09 09:59:53,414 Valid Scores - Epoch:31  Acc [(GR): 0.968 (VD): 0.992 (CD): 0.991]  Recall [(GR): 0.962 (VD): 0.988 (CD): 0.984 (Ave): 0.974]
2020-03-09 10:40:56,764 Train Scores - Epoch:32  Acc [(GR): 0.992 (VD): 0.998 (CD): 0.997]  Recall [(GR): 0.995 (VD): 0.998 (CD): 0.995 (Ave): 0.996]
2020-03-09 10:41:21,157 Valid Scores - Epoch:32  Acc [(GR): 0.968 (VD): 0.992 (CD): 0.991]  Recall [(GR): 0.963 (VD): 0.989 (CD): 0.983 (Ave): 0.974]
2020-03-09 11:22:23,569 Train Scores - Epoch:33  Acc [(GR): 0.993 (VD): 0.997 (CD): 0.997]  Recall [(GR): 0.995 (VD): 0.997 (CD): 0.996 (Ave): 0.996]
2020-03-09 11:22:47,557 Valid Scores - Epoch:33  Acc [(GR): 0.969 (VD): 0.992 (CD): 0.991]  Recall [(GR): 0.962 (VD): 0.988 (CD): 0.984 (Ave): 0.974]
2020-03-09 12:03:49,767 Train Scores - Epoch:34  Acc [(GR): 0.994 (VD): 0.998 (CD): 0.997]  Recall [(GR): 0.995 (VD): 0.997 (CD): 0.996 (Ave): 0.996]
2020-03-09 12:04:13,791 Valid Scores - Epoch:34  Acc [(GR): 0.967 (VD): 0.992 (CD): 0.991]  Recall [(GR): 0.962 (VD): 0.988 (CD): 0.983 (Ave): 0.974]
2020-03-09 12:45:13,153 Train Scores - Epoch:35  Acc [(GR): 0.995 (VD): 0.997 (CD): 0.998]  Recall [(GR): 0.996 (VD): 0.996 (CD): 0.997 (Ave): 0.996]
2020-03-09 12:45:37,201 Valid Scores - Epoch:35  Acc [(GR): 0.970 (VD): 0.991 (CD): 0.991]  Recall [(GR): 0.963 (VD): 0.987 (CD): 0.982 (Ave): 0.974]
2020-03-09 13:26:40,609 Train Scores - Epoch:36  Acc [(GR): 0.995 (VD): 0.998 (CD): 0.998]  Recall [(GR): 0.996 (VD): 0.997 (CD): 0.997 (Ave): 0.997]
2020-03-09 13:27:04,658 Valid Scores - Epoch:36  Acc [(GR): 0.969 (VD): 0.992 (CD): 0.991]  Recall [(GR): 0.962 (VD): 0.988 (CD): 0.983 (Ave): 0.974]
2020-03-09 14:08:01,821 Train Scores - Epoch:37  Acc [(GR): 0.995 (VD): 0.998 (CD): 0.998]  Recall [(GR): 0.997 (VD): 0.997 (CD): 0.997 (Ave): 0.997]
2020-03-09 14:08:25,953 Valid Scores - Epoch:37  Acc [(GR): 0.968 (VD): 0.991 (CD): 0.991]  Recall [(GR): 0.962 (VD): 0.987 (CD): 0.983 (Ave): 0.974]
2020-03-09 14:49:33,506 Train Scores - Epoch:38  Acc [(GR): 0.996 (VD): 0.998 (CD): 0.998]  Recall [(GR): 0.997 (VD): 0.998 (CD): 0.997 (Ave): 0.997]
2020-03-09 14:49:57,632 Valid Scores - Epoch:38  Acc [(GR): 0.970 (VD): 0.992 (CD): 0.991]  Recall [(GR): 0.963 (VD): 0.989 (CD): 0.980 (Ave): 0.974]
2020-03-09 15:30:55,186 Train Scores - Epoch:39  Acc [(GR): 0.996 (VD): 0.998 (CD): 0.998]  Recall [(GR): 0.997 (VD): 0.998 (CD): 0.998 (Ave): 0.998]
2020-03-09 15:31:19,625 Valid Scores - Epoch:39  Acc [(GR): 0.970 (VD): 0.992 (CD): 0.991]  Recall [(GR): 0.963 (VD): 0.989 (CD): 0.983 (Ave): 0.974]
2020-03-09 16:12:23,423 Train Scores - Epoch:40  Acc [(GR): 0.997 (VD): 0.998 (CD): 0.998]  Recall [(GR): 0.998 (VD): 0.998 (CD): 0.998 (Ave): 0.998]
2020-03-09 16:12:47,411 Valid Scores - Epoch:40  Acc [(GR): 0.969 (VD): 0.992 (CD): 0.991]  Recall [(GR): 0.961 (VD): 0.988 (CD): 0.980 (Ave): 0.973]
2020-03-09 16:53:52,030 Train Scores - Epoch:41  Acc [(GR): 0.997 (VD): 0.999 (CD): 0.999]  Recall [(GR): 0.998 (VD): 0.999 (CD): 0.998 (Ave): 0.998]
2020-03-09 16:54:16,135 Valid Scores - Epoch:41  Acc [(GR): 0.969 (VD): 0.992 (CD): 0.991]  Recall [(GR): 0.962 (VD): 0.989 (CD): 0.982 (Ave): 0.974]
2020-03-09 17:35:23,747 Train Scores - Epoch:42  Acc [(GR): 0.997 (VD): 0.998 (CD): 0.998]  Recall [(GR): 0.998 (VD): 0.998 (CD): 0.998 (Ave): 0.998]
2020-03-09 17:35:48,324 Valid Scores - Epoch:42  Acc [(GR): 0.971 (VD): 0.992 (CD): 0.991]  Recall [(GR): 0.964 (VD): 0.989 (CD): 0.984 (Ave): 0.975]
2020-03-09 18:16:52,182 Train Scores - Epoch:43  Acc [(GR): 0.997 (VD): 0.999 (CD): 0.999]  Recall [(GR): 0.998 (VD): 0.998 (CD): 0.998 (Ave): 0.998]
2020-03-09 18:17:16,173 Valid Scores - Epoch:43  Acc [(GR): 0.970 (VD): 0.992 (CD): 0.991]  Recall [(GR): 0.964 (VD): 0.988 (CD): 0.983 (Ave): 0.975]
2020-03-09 18:58:22,635 Train Scores - Epoch:44  Acc [(GR): 0.998 (VD): 0.999 (CD): 0.999]  Recall [(GR): 0.998 (VD): 0.999 (CD): 0.998 (Ave): 0.999]
2020-03-09 18:58:46,680 Valid Scores - Epoch:44  Acc [(GR): 0.969 (VD): 0.992 (CD): 0.992]  Recall [(GR): 0.963 (VD): 0.989 (CD): 0.982 (Ave): 0.974]
2020-03-09 19:39:47,029 Train Scores - Epoch:45  Acc [(GR): 0.998 (VD): 0.999 (CD): 0.999]  Recall [(GR): 0.999 (VD): 0.999 (CD): 0.999 (Ave): 0.999]
2020-03-09 19:40:11,053 Valid Scores - Epoch:45  Acc [(GR): 0.969 (VD): 0.992 (CD): 0.992]  Recall [(GR): 0.963 (VD): 0.989 (CD): 0.984 (Ave): 0.975]
2020-03-09 20:21:25,020 Train Scores - Epoch:46  Acc [(GR): 0.998 (VD): 0.999 (CD): 0.999]  Recall [(GR): 0.999 (VD): 0.999 (CD): 0.999 (Ave): 0.999]
2020-03-09 20:21:57,727 Valid Scores - Epoch:46  Acc [(GR): 0.969 (VD): 0.992 (CD): 0.991]  Recall [(GR): 0.963 (VD): 0.989 (CD): 0.983 (Ave): 0.975]
2020-03-09 21:05:09,212 Train Scores - Epoch:47  Acc [(GR): 0.998 (VD): 0.999 (CD): 0.999]  Recall [(GR): 0.999 (VD): 0.999 (CD): 0.998 (Ave): 0.999]
2020-03-09 21:05:33,412 Valid Scores - Epoch:47  Acc [(GR): 0.970 (VD): 0.992 (CD): 0.991]  Recall [(GR): 0.964 (VD): 0.989 (CD): 0.983 (Ave): 0.975]
2020-03-09 21:47:13,603 Train Scores - Epoch:48  Acc [(GR): 0.999 (VD): 0.999 (CD): 0.999]  Recall [(GR): 0.999 (VD): 0.999 (CD): 0.998 (Ave): 0.999]
2020-03-09 21:47:38,551 Valid Scores - Epoch:48  Acc [(GR): 0.970 (VD): 0.993 (CD): 0.991]  Recall [(GR): 0.963 (VD): 0.990 (CD): 0.983 (Ave): 0.975]
2020-03-09 22:30:26,361 Train Scores - Epoch:49  Acc [(GR): 0.999 (VD): 0.999 (CD): 0.999]  Recall [(GR): 0.999 (VD): 0.999 (CD): 0.999 (Ave): 0.999]
2020-03-09 22:30:50,606 Valid Scores - Epoch:49  Acc [(GR): 0.970 (VD): 0.992 (CD): 0.992]  Recall [(GR): 0.964 (VD): 0.988 (CD): 0.983 (Ave): 0.975]
2020-03-09 23:12:25,025 Train Scores - Epoch:50  Acc [(GR): 0.998 (VD): 0.999 (CD): 0.999]  Recall [(GR): 0.999 (VD): 0.999 (CD): 0.998 (Ave): 0.999]
2020-03-09 23:12:49,237 Valid Scores - Epoch:50  Acc [(GR): 0.970 (VD): 0.992 (CD): 0.992]  Recall [(GR): 0.963 (VD): 0.989 (CD): 0.983 (Ave): 0.974]
2020-03-09 23:54:04,456 Train Scores - Epoch:51  Acc [(GR): 0.999 (VD): 0.999 (CD): 0.999]  Recall [(GR): 0.999 (VD): 0.999 (CD): 0.999 (Ave): 0.999]
2020-03-09 23:54:28,499 Valid Scores - Epoch:51  Acc [(GR): 0.970 (VD): 0.992 (CD): 0.992]  Recall [(GR): 0.963 (VD): 0.989 (CD): 0.983 (Ave): 0.974]
2020-03-10 00:35:30,084 Train Scores - Epoch:52  Acc [(GR): 0.999 (VD): 0.999 (CD): 0.999]  Recall [(GR): 0.999 (VD): 0.999 (CD): 0.999 (Ave): 0.999]
2020-03-10 00:35:54,189 Valid Scores - Epoch:52  Acc [(GR): 0.971 (VD): 0.992 (CD): 0.992]  Recall [(GR): 0.964 (VD): 0.988 (CD): 0.983 (Ave): 0.975]
2020-03-10 01:17:03,989 Train Scores - Epoch:53  Acc [(GR): 0.999 (VD): 0.999 (CD): 0.999]  Recall [(GR): 0.999 (VD): 0.999 (CD): 0.999 (Ave): 0.999]
2020-03-10 01:17:28,360 Valid Scores - Epoch:53  Acc [(GR): 0.971 (VD): 0.992 (CD): 0.992]  Recall [(GR): 0.963 (VD): 0.988 (CD): 0.983 (Ave): 0.975]
2020-03-10 01:58:31,761 Train Scores - Epoch:54  Acc [(GR): 0.999 (VD): 0.999 (CD): 0.999]  Recall [(GR): 0.999 (VD): 0.999 (CD): 0.999 (Ave): 0.999]
2020-03-10 01:58:55,843 Valid Scores - Epoch:54  Acc [(GR): 0.970 (VD): 0.992 (CD): 0.992]  Recall [(GR): 0.963 (VD): 0.989 (CD): 0.983 (Ave): 0.975]
2020-03-10 02:40:04,274 Train Scores - Epoch:55  Acc [(GR): 0.999 (VD): 0.999 (CD): 0.999]  Recall [(GR): 0.999 (VD): 0.999 (CD): 0.999 (Ave): 0.999]
2020-03-10 02:40:28,349 Valid Scores - Epoch:55  Acc [(GR): 0.971 (VD): 0.992 (CD): 0.992]  Recall [(GR): 0.964 (VD): 0.988 (CD): 0.983 (Ave): 0.975]
2020-03-10 03:21:38,045 Train Scores - Epoch:56  Acc [(GR): 0.999 (VD): 0.999 (CD): 0.999]  Recall [(GR): 0.999 (VD): 0.999 (CD): 0.999 (Ave): 0.999]
2020-03-10 03:22:02,221 Valid Scores - Epoch:56  Acc [(GR): 0.970 (VD): 0.992 (CD): 0.992]  Recall [(GR): 0.964 (VD): 0.989 (CD): 0.984 (Ave): 0.975]
2020-03-10 04:03:09,108 Train Scores - Epoch:57  Acc [(GR): 0.999 (VD): 0.999 (CD): 0.999]  Recall [(GR): 0.999 (VD): 0.999 (CD): 0.999 (Ave): 0.999]
2020-03-10 04:03:33,139 Valid Scores - Epoch:57  Acc [(GR): 0.971 (VD): 0.992 (CD): 0.992]  Recall [(GR): 0.963 (VD): 0.989 (CD): 0.983 (Ave): 0.975]
2020-03-10 04:44:44,369 Train Scores - Epoch:58  Acc [(GR): 0.999 (VD): 0.999 (CD): 0.999]  Recall [(GR): 0.999 (VD): 0.999 (CD): 0.999 (Ave): 0.999]
2020-03-10 04:45:08,520 Valid Scores - Epoch:58  Acc [(GR): 0.971 (VD): 0.992 (CD): 0.992]  Recall [(GR): 0.963 (VD): 0.989 (CD): 0.984 (Ave): 0.975]
2020-03-10 05:26:10,038 Train Scores - Epoch:59  Acc [(GR): 0.999 (VD): 0.999 (CD): 0.999]  Recall [(GR): 0.999 (VD): 0.999 (CD): 0.999 (Ave): 0.999]
2020-03-10 05:26:34,207 Valid Scores - Epoch:59  Acc [(GR): 0.970 (VD): 0.992 (CD): 0.992]  Recall [(GR): 0.963 (VD): 0.989 (CD): 0.983 (Ave): 0.975]
2020-03-10 06:07:49,411 Train Scores - Epoch:60  Acc [(GR): 0.999 (VD): 0.999 (CD): 0.999]  Recall [(GR): 0.999 (VD): 0.999 (CD): 0.999 (Ave): 0.999]
2020-03-10 06:08:13,586 Valid Scores - Epoch:60  Acc [(GR): 0.970 (VD): 0.992 (CD): 0.992]  Recall [(GR): 0.963 (VD): 0.989 (CD): 0.984 (Ave): 0.975]
2020-03-10 06:08:13,586 rename model _model/temp_model_42.pth to _model/model_01.pth
2020-03-10 06:08:13,864 elapsed time: 2500.0 [min]
