2020-03-14 17:22:15,972 torch version 1.4.0
2020-03-14 17:22:15,972 numpy version 1.14.0
2020-03-14 17:22:15,972 pandas version 0.25.3
2020-03-14 17:22:15,972 {'model_name': 'model_05', 'dir_dataset': PosixPath('../../dataset'), 'dir_model': PosixPath('_model'), 'img_type': 'square_resize', 'architecture': 'resnet34', 'epoch': 60, 'batch_size': 32, 'multi_sample_aug': 'cutmixup', 'debug': 0, 'seed': 1052}
2020-03-14 17:22:16,287 train images: ['Train_95939.png', 'Train_199802.png', 'Train_121206.png', 'Train_52234.png', 'Train_111652.png']
2020-03-14 17:22:16,287 valid images: ['Train_84777.png', 'Train_126897.png', 'Train_173883.png', 'Train_187398.png', 'Train_47879.png']
2020-03-14 17:22:16,287 ==> prepare dataset
2020-03-14 17:22:16,287 ==> use cutmixup
2020-03-14 17:22:22,200 ==> create data loader
2020-03-14 17:22:22,929 ==> build model
2020-03-14 18:42:52,178 Train Scores - Epoch: 1  Acc [(GR): 0.898 (VD): 0.963 (CD): 0.957]  Recall [(GR): 0.886 (VD): 0.933 (CD): 0.865 (Ave): 0.893]
2020-03-14 18:43:17,751 Valid Scores - Epoch: 1  Acc [(GR): 0.894 (VD): 0.959 (CD): 0.957]  Recall [(GR): 0.888 (VD): 0.924 (CD): 0.889 (Ave): 0.897]
2020-03-14 20:01:29,686 Train Scores - Epoch: 2  Acc [(GR): 0.930 (VD): 0.974 (CD): 0.973]  Recall [(GR): 0.929 (VD): 0.958 (CD): 0.948 (Ave): 0.941]
2020-03-14 20:01:57,829 Valid Scores - Epoch: 2  Acc [(GR): 0.924 (VD): 0.970 (CD): 0.972]  Recall [(GR): 0.923 (VD): 0.951 (CD): 0.938 (Ave): 0.934]
2020-03-14 21:20:29,689 Train Scores - Epoch: 3  Acc [(GR): 0.944 (VD): 0.984 (CD): 0.980]  Recall [(GR): 0.940 (VD): 0.970 (CD): 0.959 (Ave): 0.952]
2020-03-14 21:20:55,205 Valid Scores - Epoch: 3  Acc [(GR): 0.937 (VD): 0.981 (CD): 0.978]  Recall [(GR): 0.928 (VD): 0.965 (CD): 0.958 (Ave): 0.945]
2020-03-14 22:40:18,987 Train Scores - Epoch: 4  Acc [(GR): 0.947 (VD): 0.984 (CD): 0.981]  Recall [(GR): 0.947 (VD): 0.973 (CD): 0.960 (Ave): 0.956]
2020-03-14 22:40:44,496 Valid Scores - Epoch: 4  Acc [(GR): 0.938 (VD): 0.980 (CD): 0.980]  Recall [(GR): 0.939 (VD): 0.968 (CD): 0.957 (Ave): 0.951]
2020-03-14 23:58:14,809 Train Scores - Epoch: 5  Acc [(GR): 0.953 (VD): 0.988 (CD): 0.985]  Recall [(GR): 0.950 (VD): 0.979 (CD): 0.969 (Ave): 0.962]
2020-03-14 23:58:41,933 Valid Scores - Epoch: 5  Acc [(GR): 0.946 (VD): 0.986 (CD): 0.983]  Recall [(GR): 0.941 (VD): 0.978 (CD): 0.962 (Ave): 0.955]
2020-03-15 01:17:31,679 Train Scores - Epoch: 6  Acc [(GR): 0.954 (VD): 0.986 (CD): 0.980]  Recall [(GR): 0.953 (VD): 0.977 (CD): 0.957 (Ave): 0.960]
2020-03-15 01:17:57,050 Valid Scores - Epoch: 6  Acc [(GR): 0.943 (VD): 0.983 (CD): 0.978]  Recall [(GR): 0.943 (VD): 0.974 (CD): 0.950 (Ave): 0.953]
2020-03-15 02:36:01,613 Train Scores - Epoch: 7  Acc [(GR): 0.956 (VD): 0.988 (CD): 0.986]  Recall [(GR): 0.958 (VD): 0.980 (CD): 0.977 (Ave): 0.968]
2020-03-15 02:36:27,415 Valid Scores - Epoch: 7  Acc [(GR): 0.949 (VD): 0.986 (CD): 0.984]  Recall [(GR): 0.947 (VD): 0.978 (CD): 0.970 (Ave): 0.961]
2020-03-15 03:53:50,317 Train Scores - Epoch: 8  Acc [(GR): 0.964 (VD): 0.990 (CD): 0.987]  Recall [(GR): 0.962 (VD): 0.981 (CD): 0.977 (Ave): 0.971]
2020-03-15 03:54:15,261 Valid Scores - Epoch: 8  Acc [(GR): 0.954 (VD): 0.987 (CD): 0.986]  Recall [(GR): 0.950 (VD): 0.980 (CD): 0.974 (Ave): 0.963]
2020-03-15 05:11:15,218 Train Scores - Epoch: 9  Acc [(GR): 0.962 (VD): 0.990 (CD): 0.988]  Recall [(GR): 0.961 (VD): 0.982 (CD): 0.981 (Ave): 0.971]
2020-03-15 05:11:40,163 Valid Scores - Epoch: 9  Acc [(GR): 0.953 (VD): 0.986 (CD): 0.988]  Recall [(GR): 0.951 (VD): 0.978 (CD): 0.976 (Ave): 0.964]
2020-03-15 06:28:39,647 Train Scores - Epoch:10  Acc [(GR): 0.964 (VD): 0.991 (CD): 0.989]  Recall [(GR): 0.963 (VD): 0.986 (CD): 0.980 (Ave): 0.973]
2020-03-15 06:29:04,628 Valid Scores - Epoch:10  Acc [(GR): 0.952 (VD): 0.987 (CD): 0.986]  Recall [(GR): 0.948 (VD): 0.982 (CD): 0.979 (Ave): 0.964]
2020-03-15 07:46:22,109 Train Scores - Epoch:11  Acc [(GR): 0.967 (VD): 0.992 (CD): 0.989]  Recall [(GR): 0.966 (VD): 0.987 (CD): 0.981 (Ave): 0.975]
2020-03-15 07:46:47,122 Valid Scores - Epoch:11  Acc [(GR): 0.956 (VD): 0.989 (CD): 0.986]  Recall [(GR): 0.951 (VD): 0.982 (CD): 0.974 (Ave): 0.965]
2020-03-15 09:03:46,005 Train Scores - Epoch:12  Acc [(GR): 0.970 (VD): 0.991 (CD): 0.989]  Recall [(GR): 0.970 (VD): 0.986 (CD): 0.985 (Ave): 0.978]
2020-03-15 09:04:10,969 Valid Scores - Epoch:12  Acc [(GR): 0.959 (VD): 0.988 (CD): 0.988]  Recall [(GR): 0.955 (VD): 0.983 (CD): 0.979 (Ave): 0.968]
2020-03-15 10:21:12,524 Train Scores - Epoch:13  Acc [(GR): 0.970 (VD): 0.993 (CD): 0.990]  Recall [(GR): 0.969 (VD): 0.988 (CD): 0.982 (Ave): 0.977]
2020-03-15 10:21:37,385 Valid Scores - Epoch:13  Acc [(GR): 0.958 (VD): 0.990 (CD): 0.988]  Recall [(GR): 0.955 (VD): 0.986 (CD): 0.978 (Ave): 0.968]
2020-03-15 11:38:43,170 Train Scores - Epoch:14  Acc [(GR): 0.970 (VD): 0.992 (CD): 0.991]  Recall [(GR): 0.971 (VD): 0.987 (CD): 0.984 (Ave): 0.978]
2020-03-15 11:39:08,460 Valid Scores - Epoch:14  Acc [(GR): 0.957 (VD): 0.988 (CD): 0.987]  Recall [(GR): 0.954 (VD): 0.984 (CD): 0.973 (Ave): 0.966]
2020-03-15 12:57:45,179 Train Scores - Epoch:15  Acc [(GR): 0.970 (VD): 0.992 (CD): 0.991]  Recall [(GR): 0.973 (VD): 0.985 (CD): 0.986 (Ave): 0.979]
2020-03-15 12:58:10,878 Valid Scores - Epoch:15  Acc [(GR): 0.958 (VD): 0.990 (CD): 0.989]  Recall [(GR): 0.955 (VD): 0.983 (CD): 0.981 (Ave): 0.968]
2020-03-15 14:16:55,862 Train Scores - Epoch:16  Acc [(GR): 0.972 (VD): 0.993 (CD): 0.992]  Recall [(GR): 0.973 (VD): 0.988 (CD): 0.984 (Ave): 0.979]
2020-03-15 14:17:21,474 Valid Scores - Epoch:16  Acc [(GR): 0.961 (VD): 0.989 (CD): 0.988]  Recall [(GR): 0.958 (VD): 0.983 (CD): 0.979 (Ave): 0.969]
2020-03-15 15:35:42,848 Train Scores - Epoch:17  Acc [(GR): 0.973 (VD): 0.993 (CD): 0.991]  Recall [(GR): 0.973 (VD): 0.988 (CD): 0.984 (Ave): 0.979]
2020-03-15 15:36:08,272 Valid Scores - Epoch:17  Acc [(GR): 0.958 (VD): 0.989 (CD): 0.988]  Recall [(GR): 0.955 (VD): 0.985 (CD): 0.976 (Ave): 0.968]
2020-03-15 16:54:38,021 Train Scores - Epoch:18  Acc [(GR): 0.973 (VD): 0.993 (CD): 0.991]  Recall [(GR): 0.974 (VD): 0.990 (CD): 0.986 (Ave): 0.981]
2020-03-15 16:55:03,681 Valid Scores - Epoch:18  Acc [(GR): 0.958 (VD): 0.989 (CD): 0.988]  Recall [(GR): 0.957 (VD): 0.985 (CD): 0.979 (Ave): 0.969]
2020-03-15 18:13:27,719 Train Scores - Epoch:19  Acc [(GR): 0.972 (VD): 0.991 (CD): 0.992]  Recall [(GR): 0.972 (VD): 0.987 (CD): 0.989 (Ave): 0.980]
2020-03-15 18:13:52,591 Valid Scores - Epoch:19  Acc [(GR): 0.958 (VD): 0.987 (CD): 0.988]  Recall [(GR): 0.955 (VD): 0.983 (CD): 0.982 (Ave): 0.969]
2020-03-15 19:32:08,015 Train Scores - Epoch:20  Acc [(GR): 0.976 (VD): 0.993 (CD): 0.991]  Recall [(GR): 0.974 (VD): 0.988 (CD): 0.989 (Ave): 0.981]
2020-03-15 19:32:33,941 Valid Scores - Epoch:20  Acc [(GR): 0.962 (VD): 0.989 (CD): 0.989]  Recall [(GR): 0.957 (VD): 0.984 (CD): 0.986 (Ave): 0.971]
2020-03-15 20:51:10,295 Train Scores - Epoch:21  Acc [(GR): 0.977 (VD): 0.994 (CD): 0.993]  Recall [(GR): 0.977 (VD): 0.990 (CD): 0.987 (Ave): 0.983]
2020-03-15 20:51:35,699 Valid Scores - Epoch:21  Acc [(GR): 0.962 (VD): 0.991 (CD): 0.988]  Recall [(GR): 0.958 (VD): 0.986 (CD): 0.977 (Ave): 0.970]
2020-03-15 22:10:28,641 Train Scores - Epoch:22  Acc [(GR): 0.977 (VD): 0.994 (CD): 0.992]  Recall [(GR): 0.975 (VD): 0.989 (CD): 0.989 (Ave): 0.982]
2020-03-15 22:10:56,592 Valid Scores - Epoch:22  Acc [(GR): 0.963 (VD): 0.992 (CD): 0.990]  Recall [(GR): 0.958 (VD): 0.988 (CD): 0.981 (Ave): 0.971]
2020-03-15 23:30:02,246 Train Scores - Epoch:23  Acc [(GR): 0.979 (VD): 0.994 (CD): 0.992]  Recall [(GR): 0.980 (VD): 0.991 (CD): 0.988 (Ave): 0.985]
2020-03-15 23:30:27,916 Valid Scores - Epoch:23  Acc [(GR): 0.964 (VD): 0.991 (CD): 0.989]  Recall [(GR): 0.959 (VD): 0.987 (CD): 0.984 (Ave): 0.972]
2020-03-16 00:48:04,783 Train Scores - Epoch:24  Acc [(GR): 0.978 (VD): 0.994 (CD): 0.993]  Recall [(GR): 0.978 (VD): 0.990 (CD): 0.989 (Ave): 0.984]
2020-03-16 00:48:29,423 Valid Scores - Epoch:24  Acc [(GR): 0.964 (VD): 0.991 (CD): 0.990]  Recall [(GR): 0.959 (VD): 0.987 (CD): 0.983 (Ave): 0.972]
2020-03-16 02:05:47,175 Train Scores - Epoch:25  Acc [(GR): 0.979 (VD): 0.994 (CD): 0.993]  Recall [(GR): 0.979 (VD): 0.990 (CD): 0.989 (Ave): 0.984]
2020-03-16 02:06:12,112 Valid Scores - Epoch:25  Acc [(GR): 0.964 (VD): 0.991 (CD): 0.990]  Recall [(GR): 0.963 (VD): 0.986 (CD): 0.983 (Ave): 0.974]
2020-03-16 03:23:30,590 Train Scores - Epoch:26  Acc [(GR): 0.981 (VD): 0.994 (CD): 0.994]  Recall [(GR): 0.980 (VD): 0.991 (CD): 0.989 (Ave): 0.985]
2020-03-16 03:23:55,245 Valid Scores - Epoch:26  Acc [(GR): 0.967 (VD): 0.991 (CD): 0.990]  Recall [(GR): 0.963 (VD): 0.987 (CD): 0.977 (Ave): 0.973]
2020-03-16 04:41:13,896 Train Scores - Epoch:27  Acc [(GR): 0.979 (VD): 0.995 (CD): 0.994]  Recall [(GR): 0.980 (VD): 0.991 (CD): 0.991 (Ave): 0.985]
2020-03-16 04:41:38,543 Valid Scores - Epoch:27  Acc [(GR): 0.964 (VD): 0.992 (CD): 0.991]  Recall [(GR): 0.961 (VD): 0.986 (CD): 0.980 (Ave): 0.972]
2020-03-16 05:58:54,304 Train Scores - Epoch:28  Acc [(GR): 0.981 (VD): 0.995 (CD): 0.993]  Recall [(GR): 0.981 (VD): 0.991 (CD): 0.989 (Ave): 0.985]
2020-03-16 05:59:18,906 Valid Scores - Epoch:28  Acc [(GR): 0.964 (VD): 0.991 (CD): 0.989]  Recall [(GR): 0.962 (VD): 0.988 (CD): 0.982 (Ave): 0.974]
2020-03-16 07:17:54,390 Train Scores - Epoch:29  Acc [(GR): 0.982 (VD): 0.995 (CD): 0.994]  Recall [(GR): 0.981 (VD): 0.992 (CD): 0.991 (Ave): 0.986]
2020-03-16 07:18:20,064 Valid Scores - Epoch:29  Acc [(GR): 0.967 (VD): 0.992 (CD): 0.991]  Recall [(GR): 0.963 (VD): 0.989 (CD): 0.984 (Ave): 0.975]
2020-03-16 08:36:14,599 Train Scores - Epoch:30  Acc [(GR): 0.982 (VD): 0.995 (CD): 0.994]  Recall [(GR): 0.981 (VD): 0.992 (CD): 0.991 (Ave): 0.986]
2020-03-16 08:36:39,219 Valid Scores - Epoch:30  Acc [(GR): 0.966 (VD): 0.991 (CD): 0.991]  Recall [(GR): 0.962 (VD): 0.987 (CD): 0.985 (Ave): 0.974]
2020-03-16 09:53:55,392 Train Scores - Epoch:31  Acc [(GR): 0.983 (VD): 0.995 (CD): 0.994]  Recall [(GR): 0.981 (VD): 0.992 (CD): 0.989 (Ave): 0.986]
2020-03-16 09:54:20,425 Valid Scores - Epoch:31  Acc [(GR): 0.968 (VD): 0.992 (CD): 0.991]  Recall [(GR): 0.964 (VD): 0.988 (CD): 0.987 (Ave): 0.976]
2020-03-16 11:11:39,404 Train Scores - Epoch:32  Acc [(GR): 0.983 (VD): 0.995 (CD): 0.995]  Recall [(GR): 0.982 (VD): 0.991 (CD): 0.992 (Ave): 0.987]
2020-03-16 11:12:04,111 Valid Scores - Epoch:32  Acc [(GR): 0.967 (VD): 0.992 (CD): 0.991]  Recall [(GR): 0.964 (VD): 0.988 (CD): 0.984 (Ave): 0.975]
2020-03-16 12:29:29,697 Train Scores - Epoch:33  Acc [(GR): 0.983 (VD): 0.995 (CD): 0.994]  Recall [(GR): 0.981 (VD): 0.991 (CD): 0.990 (Ave): 0.986]
2020-03-16 12:29:54,397 Valid Scores - Epoch:33  Acc [(GR): 0.965 (VD): 0.992 (CD): 0.991]  Recall [(GR): 0.961 (VD): 0.988 (CD): 0.984 (Ave): 0.973]
2020-03-16 13:47:19,834 Train Scores - Epoch:34  Acc [(GR): 0.984 (VD): 0.995 (CD): 0.994]  Recall [(GR): 0.984 (VD): 0.992 (CD): 0.991 (Ave): 0.988]
2020-03-16 13:47:44,496 Valid Scores - Epoch:34  Acc [(GR): 0.967 (VD): 0.992 (CD): 0.991]  Recall [(GR): 0.965 (VD): 0.987 (CD): 0.985 (Ave): 0.975]
2020-03-16 15:05:04,732 Train Scores - Epoch:35  Acc [(GR): 0.985 (VD): 0.995 (CD): 0.995]  Recall [(GR): 0.983 (VD): 0.992 (CD): 0.991 (Ave): 0.988]
2020-03-16 15:05:29,371 Valid Scores - Epoch:35  Acc [(GR): 0.969 (VD): 0.993 (CD): 0.991]  Recall [(GR): 0.965 (VD): 0.989 (CD): 0.981 (Ave): 0.975]
2020-03-16 16:22:55,479 Train Scores - Epoch:36  Acc [(GR): 0.984 (VD): 0.995 (CD): 0.995]  Recall [(GR): 0.984 (VD): 0.992 (CD): 0.991 (Ave): 0.988]
2020-03-16 16:23:20,461 Valid Scores - Epoch:36  Acc [(GR): 0.967 (VD): 0.993 (CD): 0.991]  Recall [(GR): 0.965 (VD): 0.990 (CD): 0.986 (Ave): 0.976]
2020-03-16 17:40:37,794 Train Scores - Epoch:37  Acc [(GR): 0.984 (VD): 0.996 (CD): 0.995]  Recall [(GR): 0.984 (VD): 0.993 (CD): 0.991 (Ave): 0.988]
2020-03-16 17:41:02,489 Valid Scores - Epoch:37  Acc [(GR): 0.969 (VD): 0.992 (CD): 0.991]  Recall [(GR): 0.965 (VD): 0.988 (CD): 0.980 (Ave): 0.975]
2020-03-16 18:58:20,496 Train Scores - Epoch:38  Acc [(GR): 0.986 (VD): 0.996 (CD): 0.995]  Recall [(GR): 0.986 (VD): 0.993 (CD): 0.992 (Ave): 0.989]
2020-03-16 18:58:45,500 Valid Scores - Epoch:38  Acc [(GR): 0.969 (VD): 0.992 (CD): 0.991]  Recall [(GR): 0.965 (VD): 0.989 (CD): 0.985 (Ave): 0.976]
2020-03-16 20:16:46,591 Train Scores - Epoch:39  Acc [(GR): 0.987 (VD): 0.996 (CD): 0.995]  Recall [(GR): 0.985 (VD): 0.994 (CD): 0.992 (Ave): 0.989]
2020-03-16 20:17:11,704 Valid Scores - Epoch:39  Acc [(GR): 0.969 (VD): 0.993 (CD): 0.991]  Recall [(GR): 0.965 (VD): 0.990 (CD): 0.984 (Ave): 0.976]
2020-03-16 21:35:14,357 Train Scores - Epoch:40  Acc [(GR): 0.986 (VD): 0.996 (CD): 0.996]  Recall [(GR): 0.985 (VD): 0.993 (CD): 0.993 (Ave): 0.989]
2020-03-16 21:35:39,647 Valid Scores - Epoch:40  Acc [(GR): 0.969 (VD): 0.992 (CD): 0.991]  Recall [(GR): 0.965 (VD): 0.988 (CD): 0.986 (Ave): 0.976]
2020-03-16 22:59:32,140 Train Scores - Epoch:41  Acc [(GR): 0.987 (VD): 0.996 (CD): 0.995]  Recall [(GR): 0.986 (VD): 0.994 (CD): 0.991 (Ave): 0.989]
2020-03-16 22:59:58,603 Valid Scores - Epoch:41  Acc [(GR): 0.970 (VD): 0.992 (CD): 0.991]  Recall [(GR): 0.967 (VD): 0.988 (CD): 0.983 (Ave): 0.976]
2020-03-17 00:17:32,367 Train Scores - Epoch:42  Acc [(GR): 0.987 (VD): 0.996 (CD): 0.995]  Recall [(GR): 0.987 (VD): 0.993 (CD): 0.992 (Ave): 0.990]
2020-03-17 00:17:57,082 Valid Scores - Epoch:42  Acc [(GR): 0.970 (VD): 0.993 (CD): 0.992]  Recall [(GR): 0.965 (VD): 0.990 (CD): 0.985 (Ave): 0.976]
2020-03-17 01:35:24,683 Train Scores - Epoch:43  Acc [(GR): 0.987 (VD): 0.996 (CD): 0.996]  Recall [(GR): 0.986 (VD): 0.994 (CD): 0.993 (Ave): 0.989]
2020-03-17 01:35:49,360 Valid Scores - Epoch:43  Acc [(GR): 0.969 (VD): 0.993 (CD): 0.991]  Recall [(GR): 0.965 (VD): 0.990 (CD): 0.986 (Ave): 0.976]
2020-03-17 02:53:16,519 Train Scores - Epoch:44  Acc [(GR): 0.987 (VD): 0.997 (CD): 0.996]  Recall [(GR): 0.987 (VD): 0.994 (CD): 0.992 (Ave): 0.990]
2020-03-17 02:53:41,215 Valid Scores - Epoch:44  Acc [(GR): 0.969 (VD): 0.993 (CD): 0.992]  Recall [(GR): 0.965 (VD): 0.989 (CD): 0.986 (Ave): 0.976]
2020-03-17 04:10:51,617 Train Scores - Epoch:45  Acc [(GR): 0.988 (VD): 0.996 (CD): 0.996]  Recall [(GR): 0.987 (VD): 0.994 (CD): 0.992 (Ave): 0.990]
2020-03-17 04:11:16,681 Valid Scores - Epoch:45  Acc [(GR): 0.970 (VD): 0.993 (CD): 0.992]  Recall [(GR): 0.966 (VD): 0.990 (CD): 0.987 (Ave): 0.977]
2020-03-17 05:28:44,903 Train Scores - Epoch:46  Acc [(GR): 0.989 (VD): 0.996 (CD): 0.996]  Recall [(GR): 0.988 (VD): 0.994 (CD): 0.992 (Ave): 0.991]
2020-03-17 05:29:09,942 Valid Scores - Epoch:46  Acc [(GR): 0.970 (VD): 0.993 (CD): 0.992]  Recall [(GR): 0.967 (VD): 0.990 (CD): 0.988 (Ave): 0.978]
2020-03-17 06:46:36,738 Train Scores - Epoch:47  Acc [(GR): 0.989 (VD): 0.996 (CD): 0.996]  Recall [(GR): 0.988 (VD): 0.994 (CD): 0.992 (Ave): 0.991]
2020-03-17 06:47:01,940 Valid Scores - Epoch:47  Acc [(GR): 0.970 (VD): 0.993 (CD): 0.992]  Recall [(GR): 0.967 (VD): 0.990 (CD): 0.985 (Ave): 0.977]
2020-03-17 08:05:17,762 Train Scores - Epoch:48  Acc [(GR): 0.989 (VD): 0.997 (CD): 0.996]  Recall [(GR): 0.988 (VD): 0.994 (CD): 0.993 (Ave): 0.991]
2020-03-17 08:05:42,494 Valid Scores - Epoch:48  Acc [(GR): 0.970 (VD): 0.993 (CD): 0.992]  Recall [(GR): 0.967 (VD): 0.991 (CD): 0.986 (Ave): 0.978]
2020-03-17 09:23:18,948 Train Scores - Epoch:49  Acc [(GR): 0.989 (VD): 0.997 (CD): 0.996]  Recall [(GR): 0.988 (VD): 0.994 (CD): 0.992 (Ave): 0.990]
2020-03-17 09:23:43,608 Valid Scores - Epoch:49  Acc [(GR): 0.970 (VD): 0.993 (CD): 0.992]  Recall [(GR): 0.967 (VD): 0.990 (CD): 0.987 (Ave): 0.978]
2020-03-17 10:41:29,109 Train Scores - Epoch:50  Acc [(GR): 0.989 (VD): 0.997 (CD): 0.996]  Recall [(GR): 0.988 (VD): 0.994 (CD): 0.993 (Ave): 0.991]
2020-03-17 10:41:53,771 Valid Scores - Epoch:50  Acc [(GR): 0.971 (VD): 0.993 (CD): 0.992]  Recall [(GR): 0.967 (VD): 0.990 (CD): 0.985 (Ave): 0.977]
2020-03-17 11:59:33,418 Train Scores - Epoch:51  Acc [(GR): 0.990 (VD): 0.997 (CD): 0.996]  Recall [(GR): 0.989 (VD): 0.994 (CD): 0.993 (Ave): 0.991]
2020-03-17 11:59:58,498 Valid Scores - Epoch:51  Acc [(GR): 0.971 (VD): 0.993 (CD): 0.993]  Recall [(GR): 0.967 (VD): 0.990 (CD): 0.988 (Ave): 0.978]
2020-03-17 13:17:22,076 Train Scores - Epoch:52  Acc [(GR): 0.990 (VD): 0.997 (CD): 0.996]  Recall [(GR): 0.988 (VD): 0.994 (CD): 0.993 (Ave): 0.991]
2020-03-17 13:17:46,808 Valid Scores - Epoch:52  Acc [(GR): 0.971 (VD): 0.993 (CD): 0.992]  Recall [(GR): 0.967 (VD): 0.990 (CD): 0.986 (Ave): 0.978]
2020-03-17 14:35:25,066 Train Scores - Epoch:53  Acc [(GR): 0.990 (VD): 0.997 (CD): 0.996]  Recall [(GR): 0.988 (VD): 0.994 (CD): 0.992 (Ave): 0.991]
2020-03-17 14:35:50,117 Valid Scores - Epoch:53  Acc [(GR): 0.971 (VD): 0.993 (CD): 0.992]  Recall [(GR): 0.967 (VD): 0.990 (CD): 0.989 (Ave): 0.978]
2020-03-17 15:53:25,322 Train Scores - Epoch:54  Acc [(GR): 0.990 (VD): 0.997 (CD): 0.996]  Recall [(GR): 0.989 (VD): 0.994 (CD): 0.993 (Ave): 0.991]
2020-03-17 15:53:50,336 Valid Scores - Epoch:54  Acc [(GR): 0.971 (VD): 0.993 (CD): 0.992]  Recall [(GR): 0.968 (VD): 0.990 (CD): 0.988 (Ave): 0.978]
2020-03-17 17:11:08,433 Train Scores - Epoch:55  Acc [(GR): 0.990 (VD): 0.997 (CD): 0.996]  Recall [(GR): 0.989 (VD): 0.994 (CD): 0.993 (Ave): 0.991]
2020-03-17 17:11:33,112 Valid Scores - Epoch:55  Acc [(GR): 0.971 (VD): 0.993 (CD): 0.992]  Recall [(GR): 0.967 (VD): 0.990 (CD): 0.988 (Ave): 0.978]
2020-03-17 18:29:08,836 Train Scores - Epoch:56  Acc [(GR): 0.990 (VD): 0.997 (CD): 0.996]  Recall [(GR): 0.989 (VD): 0.994 (CD): 0.993 (Ave): 0.991]
2020-03-17 18:29:33,838 Valid Scores - Epoch:56  Acc [(GR): 0.971 (VD): 0.993 (CD): 0.992]  Recall [(GR): 0.968 (VD): 0.990 (CD): 0.989 (Ave): 0.979]
2020-03-17 19:47:56,117 Train Scores - Epoch:57  Acc [(GR): 0.990 (VD): 0.997 (CD): 0.996]  Recall [(GR): 0.989 (VD): 0.994 (CD): 0.993 (Ave): 0.991]
2020-03-17 19:48:21,125 Valid Scores - Epoch:57  Acc [(GR): 0.971 (VD): 0.993 (CD): 0.992]  Recall [(GR): 0.967 (VD): 0.990 (CD): 0.988 (Ave): 0.978]
2020-03-17 21:07:06,037 Train Scores - Epoch:58  Acc [(GR): 0.990 (VD): 0.997 (CD): 0.996]  Recall [(GR): 0.989 (VD): 0.994 (CD): 0.993 (Ave): 0.992]
2020-03-17 21:07:31,462 Valid Scores - Epoch:58  Acc [(GR): 0.971 (VD): 0.993 (CD): 0.992]  Recall [(GR): 0.968 (VD): 0.991 (CD): 0.988 (Ave): 0.979]
2020-03-17 22:27:09,474 Train Scores - Epoch:59  Acc [(GR): 0.990 (VD): 0.997 (CD): 0.996]  Recall [(GR): 0.989 (VD): 0.994 (CD): 0.993 (Ave): 0.991]
2020-03-17 22:27:34,688 Valid Scores - Epoch:59  Acc [(GR): 0.971 (VD): 0.993 (CD): 0.992]  Recall [(GR): 0.968 (VD): 0.990 (CD): 0.988 (Ave): 0.978]
2020-03-17 23:45:48,475 Train Scores - Epoch:60  Acc [(GR): 0.990 (VD): 0.997 (CD): 0.996]  Recall [(GR): 0.990 (VD): 0.994 (CD): 0.993 (Ave): 0.992]
2020-03-17 23:46:13,275 Valid Scores - Epoch:60  Acc [(GR): 0.971 (VD): 0.993 (CD): 0.993]  Recall [(GR): 0.968 (VD): 0.990 (CD): 0.989 (Ave): 0.978]
2020-03-17 23:46:13,275 rename model _model/temp_model_58.pth to _model/model_05.pth
2020-03-17 23:46:13,670 elapsed time: 4704.0 [min]
