2020-03-18 06:58:26,993 torch version 1.4.0
2020-03-18 06:58:26,993 numpy version 1.14.0
2020-03-18 06:58:26,993 pandas version 0.25.3
2020-03-18 06:58:26,993 {'model_name': 'model_04', 'dir_dataset': PosixPath('../../dataset'), 'dir_model': PosixPath('_model'), 'img_type': 'square_crop', 'architecture': 'resnet34', 'epoch': 60, 'batch_size': 32, 'multi_sample_aug': 'cutmix', 'debug': 0, 'seed': 1051}
2020-03-18 06:58:27,310 train images: ['Train_30354.png', 'Train_71486.png', 'Train_104182.png', 'Train_4596.png', 'Train_48982.png']
2020-03-18 06:58:27,310 valid images: ['Train_81186.png', 'Train_34778.png', 'Train_78838.png', 'Train_136292.png', 'Train_151211.png']
2020-03-18 06:58:27,310 ==> prepare dataset
2020-03-18 06:58:27,310 ==> use cutmix
2020-03-18 06:58:33,225 ==> create data loader
2020-03-18 06:58:33,949 ==> build model
2020-03-18 07:38:38,474 Train Scores - Epoch: 1  Acc [(GR): 0.906 (VD): 0.961 (CD): 0.932]  Recall [(GR): 0.910 (VD): 0.932 (CD): 0.843 (Ave): 0.899]
2020-03-18 07:39:04,183 Valid Scores - Epoch: 1  Acc [(GR): 0.904 (VD): 0.963 (CD): 0.934]  Recall [(GR): 0.903 (VD): 0.932 (CD): 0.841 (Ave): 0.895]
2020-03-18 08:19:05,286 Train Scores - Epoch: 2  Acc [(GR): 0.931 (VD): 0.975 (CD): 0.970]  Recall [(GR): 0.936 (VD): 0.957 (CD): 0.926 (Ave): 0.939]
2020-03-18 08:19:30,205 Valid Scores - Epoch: 2  Acc [(GR): 0.925 (VD): 0.974 (CD): 0.968]  Recall [(GR): 0.925 (VD): 0.956 (CD): 0.930 (Ave): 0.934]
2020-03-18 08:59:05,146 Train Scores - Epoch: 3  Acc [(GR): 0.941 (VD): 0.982 (CD): 0.981]  Recall [(GR): 0.947 (VD): 0.971 (CD): 0.963 (Ave): 0.957]
2020-03-18 08:59:30,166 Valid Scores - Epoch: 3  Acc [(GR): 0.935 (VD): 0.980 (CD): 0.979]  Recall [(GR): 0.938 (VD): 0.970 (CD): 0.958 (Ave): 0.951]
2020-03-18 09:39:01,902 Train Scores - Epoch: 4  Acc [(GR): 0.949 (VD): 0.984 (CD): 0.979]  Recall [(GR): 0.957 (VD): 0.979 (CD): 0.957 (Ave): 0.962]
2020-03-18 09:39:26,804 Valid Scores - Epoch: 4  Acc [(GR): 0.943 (VD): 0.981 (CD): 0.978]  Recall [(GR): 0.949 (VD): 0.978 (CD): 0.959 (Ave): 0.959]
2020-03-18 10:18:52,027 Train Scores - Epoch: 5  Acc [(GR): 0.953 (VD): 0.985 (CD): 0.984]  Recall [(GR): 0.959 (VD): 0.976 (CD): 0.971 (Ave): 0.966]
2020-03-18 10:19:17,053 Valid Scores - Epoch: 5  Acc [(GR): 0.946 (VD): 0.985 (CD): 0.980]  Recall [(GR): 0.949 (VD): 0.977 (CD): 0.966 (Ave): 0.960]
2020-03-18 10:58:47,221 Train Scores - Epoch: 6  Acc [(GR): 0.956 (VD): 0.985 (CD): 0.983]  Recall [(GR): 0.962 (VD): 0.979 (CD): 0.962 (Ave): 0.966]
2020-03-18 10:59:11,877 Valid Scores - Epoch: 6  Acc [(GR): 0.948 (VD): 0.984 (CD): 0.979]  Recall [(GR): 0.954 (VD): 0.975 (CD): 0.956 (Ave): 0.960]
2020-03-18 11:38:42,727 Train Scores - Epoch: 7  Acc [(GR): 0.962 (VD): 0.988 (CD): 0.986]  Recall [(GR): 0.964 (VD): 0.981 (CD): 0.974 (Ave): 0.971]
2020-03-18 11:39:07,716 Valid Scores - Epoch: 7  Acc [(GR): 0.954 (VD): 0.985 (CD): 0.984]  Recall [(GR): 0.952 (VD): 0.977 (CD): 0.973 (Ave): 0.964]
2020-03-18 12:18:46,726 Train Scores - Epoch: 8  Acc [(GR): 0.962 (VD): 0.988 (CD): 0.987]  Recall [(GR): 0.965 (VD): 0.981 (CD): 0.970 (Ave): 0.971]
2020-03-18 12:19:11,732 Valid Scores - Epoch: 8  Acc [(GR): 0.954 (VD): 0.987 (CD): 0.985]  Recall [(GR): 0.956 (VD): 0.979 (CD): 0.972 (Ave): 0.966]
2020-03-18 12:58:41,112 Train Scores - Epoch: 9  Acc [(GR): 0.965 (VD): 0.990 (CD): 0.989]  Recall [(GR): 0.967 (VD): 0.985 (CD): 0.969 (Ave): 0.972]
2020-03-18 12:59:05,673 Valid Scores - Epoch: 9  Acc [(GR): 0.955 (VD): 0.988 (CD): 0.985]  Recall [(GR): 0.955 (VD): 0.982 (CD): 0.969 (Ave): 0.965]
2020-03-18 13:38:41,975 Train Scores - Epoch:10  Acc [(GR): 0.961 (VD): 0.989 (CD): 0.986]  Recall [(GR): 0.966 (VD): 0.983 (CD): 0.969 (Ave): 0.971]
2020-03-18 13:39:06,912 Valid Scores - Epoch:10  Acc [(GR): 0.952 (VD): 0.988 (CD): 0.984]  Recall [(GR): 0.955 (VD): 0.983 (CD): 0.973 (Ave): 0.967]
2020-03-18 14:18:38,273 Train Scores - Epoch:11  Acc [(GR): 0.967 (VD): 0.990 (CD): 0.990]  Recall [(GR): 0.971 (VD): 0.985 (CD): 0.976 (Ave): 0.976]
2020-03-18 14:19:03,189 Valid Scores - Epoch:11  Acc [(GR): 0.957 (VD): 0.988 (CD): 0.985]  Recall [(GR): 0.958 (VD): 0.982 (CD): 0.974 (Ave): 0.968]
2020-03-18 14:58:33,332 Train Scores - Epoch:12  Acc [(GR): 0.969 (VD): 0.990 (CD): 0.988]  Recall [(GR): 0.974 (VD): 0.986 (CD): 0.966 (Ave): 0.975]
2020-03-18 14:58:58,224 Valid Scores - Epoch:12  Acc [(GR): 0.958 (VD): 0.988 (CD): 0.986]  Recall [(GR): 0.959 (VD): 0.986 (CD): 0.969 (Ave): 0.968]
2020-03-18 15:38:27,251 Train Scores - Epoch:13  Acc [(GR): 0.970 (VD): 0.992 (CD): 0.990]  Recall [(GR): 0.973 (VD): 0.988 (CD): 0.975 (Ave): 0.977]
2020-03-18 15:38:52,237 Valid Scores - Epoch:13  Acc [(GR): 0.961 (VD): 0.989 (CD): 0.988]  Recall [(GR): 0.961 (VD): 0.985 (CD): 0.978 (Ave): 0.971]
2020-03-18 16:18:31,412 Train Scores - Epoch:14  Acc [(GR): 0.968 (VD): 0.991 (CD): 0.990]  Recall [(GR): 0.973 (VD): 0.987 (CD): 0.977 (Ave): 0.977]
2020-03-18 16:18:56,077 Valid Scores - Epoch:14  Acc [(GR): 0.958 (VD): 0.988 (CD): 0.986]  Recall [(GR): 0.961 (VD): 0.985 (CD): 0.974 (Ave): 0.970]
2020-03-18 16:58:29,538 Train Scores - Epoch:15  Acc [(GR): 0.970 (VD): 0.992 (CD): 0.991]  Recall [(GR): 0.975 (VD): 0.989 (CD): 0.974 (Ave): 0.978]
2020-03-18 16:58:54,240 Valid Scores - Epoch:15  Acc [(GR): 0.958 (VD): 0.990 (CD): 0.987]  Recall [(GR): 0.959 (VD): 0.987 (CD): 0.974 (Ave): 0.970]
2020-03-18 17:38:31,641 Train Scores - Epoch:16  Acc [(GR): 0.971 (VD): 0.992 (CD): 0.990]  Recall [(GR): 0.976 (VD): 0.988 (CD): 0.976 (Ave): 0.979]
2020-03-18 17:38:56,258 Valid Scores - Epoch:16  Acc [(GR): 0.959 (VD): 0.991 (CD): 0.985]  Recall [(GR): 0.958 (VD): 0.989 (CD): 0.976 (Ave): 0.970]
2020-03-18 18:18:29,701 Train Scores - Epoch:17  Acc [(GR): 0.973 (VD): 0.992 (CD): 0.990]  Recall [(GR): 0.977 (VD): 0.989 (CD): 0.980 (Ave): 0.981]
2020-03-18 18:18:54,336 Valid Scores - Epoch:17  Acc [(GR): 0.961 (VD): 0.988 (CD): 0.987]  Recall [(GR): 0.962 (VD): 0.985 (CD): 0.977 (Ave): 0.971]
2020-03-18 18:58:26,862 Train Scores - Epoch:18  Acc [(GR): 0.973 (VD): 0.993 (CD): 0.990]  Recall [(GR): 0.978 (VD): 0.990 (CD): 0.976 (Ave): 0.980]
2020-03-18 18:58:51,802 Valid Scores - Epoch:18  Acc [(GR): 0.960 (VD): 0.990 (CD): 0.988]  Recall [(GR): 0.961 (VD): 0.988 (CD): 0.979 (Ave): 0.972]
2020-03-18 19:38:26,527 Train Scores - Epoch:19  Acc [(GR): 0.977 (VD): 0.994 (CD): 0.989]  Recall [(GR): 0.980 (VD): 0.990 (CD): 0.971 (Ave): 0.980]
2020-03-18 19:38:51,120 Valid Scores - Epoch:19  Acc [(GR): 0.962 (VD): 0.991 (CD): 0.986]  Recall [(GR): 0.963 (VD): 0.988 (CD): 0.968 (Ave): 0.970]
2020-03-18 20:18:41,500 Train Scores - Epoch:20  Acc [(GR): 0.973 (VD): 0.993 (CD): 0.991]  Recall [(GR): 0.977 (VD): 0.989 (CD): 0.976 (Ave): 0.980]
2020-03-18 20:19:07,130 Valid Scores - Epoch:20  Acc [(GR): 0.960 (VD): 0.990 (CD): 0.987]  Recall [(GR): 0.962 (VD): 0.986 (CD): 0.971 (Ave): 0.970]
2020-03-18 20:59:15,581 Train Scores - Epoch:21  Acc [(GR): 0.976 (VD): 0.994 (CD): 0.991]  Recall [(GR): 0.980 (VD): 0.991 (CD): 0.979 (Ave): 0.982]
2020-03-18 20:59:40,816 Valid Scores - Epoch:21  Acc [(GR): 0.962 (VD): 0.991 (CD): 0.987]  Recall [(GR): 0.963 (VD): 0.990 (CD): 0.978 (Ave): 0.974]
2020-03-18 21:39:54,868 Train Scores - Epoch:22  Acc [(GR): 0.976 (VD): 0.993 (CD): 0.991]  Recall [(GR): 0.979 (VD): 0.989 (CD): 0.983 (Ave): 0.982]
2020-03-18 21:40:20,282 Valid Scores - Epoch:22  Acc [(GR): 0.962 (VD): 0.990 (CD): 0.988]  Recall [(GR): 0.962 (VD): 0.990 (CD): 0.979 (Ave): 0.973]
2020-03-18 22:21:08,695 Train Scores - Epoch:23  Acc [(GR): 0.979 (VD): 0.994 (CD): 0.992]  Recall [(GR): 0.982 (VD): 0.991 (CD): 0.977 (Ave): 0.983]
2020-03-18 22:21:33,842 Valid Scores - Epoch:23  Acc [(GR): 0.964 (VD): 0.991 (CD): 0.989]  Recall [(GR): 0.964 (VD): 0.989 (CD): 0.976 (Ave): 0.974]
2020-03-18 23:02:14,882 Train Scores - Epoch:24  Acc [(GR): 0.979 (VD): 0.994 (CD): 0.992]  Recall [(GR): 0.983 (VD): 0.990 (CD): 0.977 (Ave): 0.983]
2020-03-18 23:02:40,267 Valid Scores - Epoch:24  Acc [(GR): 0.961 (VD): 0.991 (CD): 0.989]  Recall [(GR): 0.961 (VD): 0.987 (CD): 0.977 (Ave): 0.972]
2020-03-18 23:42:34,453 Train Scores - Epoch:25  Acc [(GR): 0.977 (VD): 0.993 (CD): 0.993]  Recall [(GR): 0.981 (VD): 0.991 (CD): 0.982 (Ave): 0.984]
2020-03-18 23:42:59,142 Valid Scores - Epoch:25  Acc [(GR): 0.962 (VD): 0.990 (CD): 0.989]  Recall [(GR): 0.963 (VD): 0.989 (CD): 0.976 (Ave): 0.973]
2020-03-19 00:22:28,419 Train Scores - Epoch:26  Acc [(GR): 0.980 (VD): 0.994 (CD): 0.993]  Recall [(GR): 0.983 (VD): 0.991 (CD): 0.983 (Ave): 0.985]
2020-03-19 00:22:53,410 Valid Scores - Epoch:26  Acc [(GR): 0.963 (VD): 0.991 (CD): 0.989]  Recall [(GR): 0.963 (VD): 0.988 (CD): 0.982 (Ave): 0.974]
2020-03-19 01:02:19,032 Train Scores - Epoch:27  Acc [(GR): 0.979 (VD): 0.995 (CD): 0.992]  Recall [(GR): 0.984 (VD): 0.993 (CD): 0.982 (Ave): 0.986]
2020-03-19 01:02:43,760 Valid Scores - Epoch:27  Acc [(GR): 0.963 (VD): 0.991 (CD): 0.986]  Recall [(GR): 0.964 (VD): 0.987 (CD): 0.975 (Ave): 0.972]
2020-03-19 01:42:09,214 Train Scores - Epoch:28  Acc [(GR): 0.981 (VD): 0.994 (CD): 0.992]  Recall [(GR): 0.985 (VD): 0.992 (CD): 0.977 (Ave): 0.984]
2020-03-19 01:42:33,874 Valid Scores - Epoch:28  Acc [(GR): 0.964 (VD): 0.991 (CD): 0.988]  Recall [(GR): 0.964 (VD): 0.987 (CD): 0.976 (Ave): 0.973]
2020-03-19 02:22:07,000 Train Scores - Epoch:29  Acc [(GR): 0.982 (VD): 0.994 (CD): 0.993]  Recall [(GR): 0.985 (VD): 0.991 (CD): 0.982 (Ave): 0.986]
2020-03-19 02:22:31,685 Valid Scores - Epoch:29  Acc [(GR): 0.964 (VD): 0.991 (CD): 0.988]  Recall [(GR): 0.965 (VD): 0.989 (CD): 0.976 (Ave): 0.973]
2020-03-19 03:02:02,537 Train Scores - Epoch:30  Acc [(GR): 0.982 (VD): 0.995 (CD): 0.994]  Recall [(GR): 0.985 (VD): 0.992 (CD): 0.981 (Ave): 0.986]
2020-03-19 03:02:27,487 Valid Scores - Epoch:30  Acc [(GR): 0.966 (VD): 0.992 (CD): 0.990]  Recall [(GR): 0.966 (VD): 0.989 (CD): 0.979 (Ave): 0.975]
2020-03-19 03:41:56,535 Train Scores - Epoch:31  Acc [(GR): 0.981 (VD): 0.995 (CD): 0.993]  Recall [(GR): 0.985 (VD): 0.993 (CD): 0.981 (Ave): 0.986]
2020-03-19 03:42:21,592 Valid Scores - Epoch:31  Acc [(GR): 0.965 (VD): 0.991 (CD): 0.990]  Recall [(GR): 0.966 (VD): 0.989 (CD): 0.980 (Ave): 0.975]
2020-03-19 04:21:51,826 Train Scores - Epoch:32  Acc [(GR): 0.984 (VD): 0.995 (CD): 0.994]  Recall [(GR): 0.986 (VD): 0.992 (CD): 0.979 (Ave): 0.986]
2020-03-19 04:22:16,512 Valid Scores - Epoch:32  Acc [(GR): 0.965 (VD): 0.992 (CD): 0.990]  Recall [(GR): 0.965 (VD): 0.989 (CD): 0.981 (Ave): 0.975]
2020-03-19 05:01:48,141 Train Scores - Epoch:33  Acc [(GR): 0.984 (VD): 0.995 (CD): 0.994]  Recall [(GR): 0.986 (VD): 0.991 (CD): 0.981 (Ave): 0.986]
2020-03-19 05:02:12,800 Valid Scores - Epoch:33  Acc [(GR): 0.965 (VD): 0.992 (CD): 0.990]  Recall [(GR): 0.964 (VD): 0.989 (CD): 0.981 (Ave): 0.974]
2020-03-19 05:41:40,140 Train Scores - Epoch:34  Acc [(GR): 0.984 (VD): 0.995 (CD): 0.994]  Recall [(GR): 0.987 (VD): 0.993 (CD): 0.982 (Ave): 0.987]
2020-03-19 05:42:04,887 Valid Scores - Epoch:34  Acc [(GR): 0.968 (VD): 0.992 (CD): 0.990]  Recall [(GR): 0.967 (VD): 0.989 (CD): 0.978 (Ave): 0.975]
2020-03-19 06:21:32,612 Train Scores - Epoch:35  Acc [(GR): 0.985 (VD): 0.996 (CD): 0.994]  Recall [(GR): 0.987 (VD): 0.994 (CD): 0.983 (Ave): 0.988]
2020-03-19 06:21:57,337 Valid Scores - Epoch:35  Acc [(GR): 0.967 (VD): 0.992 (CD): 0.989]  Recall [(GR): 0.966 (VD): 0.990 (CD): 0.978 (Ave): 0.975]
2020-03-19 07:01:58,807 Train Scores - Epoch:36  Acc [(GR): 0.985 (VD): 0.996 (CD): 0.994]  Recall [(GR): 0.987 (VD): 0.994 (CD): 0.986 (Ave): 0.988]
2020-03-19 07:02:24,522 Valid Scores - Epoch:36  Acc [(GR): 0.967 (VD): 0.992 (CD): 0.990]  Recall [(GR): 0.967 (VD): 0.990 (CD): 0.981 (Ave): 0.976]
2020-03-19 07:43:09,116 Train Scores - Epoch:37  Acc [(GR): 0.986 (VD): 0.996 (CD): 0.995]  Recall [(GR): 0.989 (VD): 0.994 (CD): 0.986 (Ave): 0.989]
2020-03-19 07:43:35,410 Valid Scores - Epoch:37  Acc [(GR): 0.967 (VD): 0.992 (CD): 0.990]  Recall [(GR): 0.965 (VD): 0.990 (CD): 0.982 (Ave): 0.976]
2020-03-19 08:23:14,463 Train Scores - Epoch:38  Acc [(GR): 0.986 (VD): 0.996 (CD): 0.995]  Recall [(GR): 0.989 (VD): 0.993 (CD): 0.985 (Ave): 0.989]
2020-03-19 08:23:39,127 Valid Scores - Epoch:38  Acc [(GR): 0.969 (VD): 0.992 (CD): 0.990]  Recall [(GR): 0.966 (VD): 0.990 (CD): 0.981 (Ave): 0.976]
2020-03-19 09:03:19,617 Train Scores - Epoch:39  Acc [(GR): 0.988 (VD): 0.996 (CD): 0.995]  Recall [(GR): 0.989 (VD): 0.994 (CD): 0.987 (Ave): 0.990]
2020-03-19 09:03:44,292 Valid Scores - Epoch:39  Acc [(GR): 0.969 (VD): 0.992 (CD): 0.990]  Recall [(GR): 0.967 (VD): 0.990 (CD): 0.981 (Ave): 0.976]
2020-03-19 09:43:21,955 Train Scores - Epoch:40  Acc [(GR): 0.987 (VD): 0.996 (CD): 0.995]  Recall [(GR): 0.989 (VD): 0.993 (CD): 0.987 (Ave): 0.989]
2020-03-19 09:43:46,601 Valid Scores - Epoch:40  Acc [(GR): 0.968 (VD): 0.992 (CD): 0.990]  Recall [(GR): 0.965 (VD): 0.989 (CD): 0.981 (Ave): 0.975]
2020-03-19 10:23:22,278 Train Scores - Epoch:41  Acc [(GR): 0.987 (VD): 0.996 (CD): 0.995]  Recall [(GR): 0.990 (VD): 0.994 (CD): 0.987 (Ave): 0.990]
2020-03-19 10:23:47,015 Valid Scores - Epoch:41  Acc [(GR): 0.968 (VD): 0.992 (CD): 0.990]  Recall [(GR): 0.968 (VD): 0.990 (CD): 0.978 (Ave): 0.976]
2020-03-19 11:03:24,667 Train Scores - Epoch:42  Acc [(GR): 0.987 (VD): 0.996 (CD): 0.995]  Recall [(GR): 0.990 (VD): 0.994 (CD): 0.986 (Ave): 0.990]
2020-03-19 11:03:49,395 Valid Scores - Epoch:42  Acc [(GR): 0.969 (VD): 0.992 (CD): 0.990]  Recall [(GR): 0.967 (VD): 0.990 (CD): 0.982 (Ave): 0.976]
2020-03-19 11:43:31,988 Train Scores - Epoch:43  Acc [(GR): 0.988 (VD): 0.996 (CD): 0.995]  Recall [(GR): 0.990 (VD): 0.994 (CD): 0.986 (Ave): 0.990]
2020-03-19 11:43:56,604 Valid Scores - Epoch:43  Acc [(GR): 0.968 (VD): 0.993 (CD): 0.990]  Recall [(GR): 0.967 (VD): 0.990 (CD): 0.978 (Ave): 0.976]
2020-03-19 12:23:29,072 Train Scores - Epoch:44  Acc [(GR): 0.988 (VD): 0.997 (CD): 0.995]  Recall [(GR): 0.990 (VD): 0.995 (CD): 0.987 (Ave): 0.991]
2020-03-19 12:23:53,622 Valid Scores - Epoch:44  Acc [(GR): 0.968 (VD): 0.992 (CD): 0.990]  Recall [(GR): 0.966 (VD): 0.989 (CD): 0.981 (Ave): 0.976]
2020-03-19 13:03:27,195 Train Scores - Epoch:45  Acc [(GR): 0.989 (VD): 0.996 (CD): 0.996]  Recall [(GR): 0.991 (VD): 0.994 (CD): 0.987 (Ave): 0.991]
2020-03-19 13:03:51,820 Valid Scores - Epoch:45  Acc [(GR): 0.968 (VD): 0.992 (CD): 0.990]  Recall [(GR): 0.965 (VD): 0.990 (CD): 0.980 (Ave): 0.975]
2020-03-19 13:43:34,727 Train Scores - Epoch:46  Acc [(GR): 0.990 (VD): 0.997 (CD): 0.995]  Recall [(GR): 0.991 (VD): 0.995 (CD): 0.987 (Ave): 0.991]
2020-03-19 13:43:59,783 Valid Scores - Epoch:46  Acc [(GR): 0.969 (VD): 0.992 (CD): 0.990]  Recall [(GR): 0.966 (VD): 0.990 (CD): 0.983 (Ave): 0.976]
2020-03-19 14:23:42,282 Train Scores - Epoch:47  Acc [(GR): 0.989 (VD): 0.997 (CD): 0.995]  Recall [(GR): 0.992 (VD): 0.995 (CD): 0.987 (Ave): 0.992]
2020-03-19 14:24:07,285 Valid Scores - Epoch:47  Acc [(GR): 0.969 (VD): 0.993 (CD): 0.990]  Recall [(GR): 0.968 (VD): 0.991 (CD): 0.982 (Ave): 0.977]
2020-03-19 15:03:38,103 Train Scores - Epoch:48  Acc [(GR): 0.990 (VD): 0.997 (CD): 0.995]  Recall [(GR): 0.992 (VD): 0.995 (CD): 0.987 (Ave): 0.991]
2020-03-19 15:04:02,791 Valid Scores - Epoch:48  Acc [(GR): 0.969 (VD): 0.993 (CD): 0.990]  Recall [(GR): 0.966 (VD): 0.990 (CD): 0.979 (Ave): 0.976]
2020-03-19 15:43:36,079 Train Scores - Epoch:49  Acc [(GR): 0.990 (VD): 0.997 (CD): 0.996]  Recall [(GR): 0.992 (VD): 0.995 (CD): 0.987 (Ave): 0.992]
2020-03-19 15:44:00,718 Valid Scores - Epoch:49  Acc [(GR): 0.969 (VD): 0.993 (CD): 0.990]  Recall [(GR): 0.966 (VD): 0.990 (CD): 0.982 (Ave): 0.976]
2020-03-19 16:23:42,796 Train Scores - Epoch:50  Acc [(GR): 0.990 (VD): 0.997 (CD): 0.996]  Recall [(GR): 0.992 (VD): 0.995 (CD): 0.988 (Ave): 0.992]
2020-03-19 16:24:07,476 Valid Scores - Epoch:50  Acc [(GR): 0.969 (VD): 0.993 (CD): 0.990]  Recall [(GR): 0.967 (VD): 0.990 (CD): 0.982 (Ave): 0.976]
2020-03-19 17:03:43,639 Train Scores - Epoch:51  Acc [(GR): 0.991 (VD): 0.997 (CD): 0.996]  Recall [(GR): 0.992 (VD): 0.995 (CD): 0.988 (Ave): 0.992]
2020-03-19 17:04:08,334 Valid Scores - Epoch:51  Acc [(GR): 0.970 (VD): 0.993 (CD): 0.991]  Recall [(GR): 0.968 (VD): 0.991 (CD): 0.982 (Ave): 0.977]
2020-03-19 17:43:48,547 Train Scores - Epoch:52  Acc [(GR): 0.991 (VD): 0.997 (CD): 0.996]  Recall [(GR): 0.993 (VD): 0.995 (CD): 0.988 (Ave): 0.992]
2020-03-19 17:44:13,238 Valid Scores - Epoch:52  Acc [(GR): 0.970 (VD): 0.993 (CD): 0.990]  Recall [(GR): 0.967 (VD): 0.991 (CD): 0.982 (Ave): 0.977]
2020-03-19 18:23:50,268 Train Scores - Epoch:53  Acc [(GR): 0.991 (VD): 0.997 (CD): 0.996]  Recall [(GR): 0.993 (VD): 0.996 (CD): 0.988 (Ave): 0.992]
2020-03-19 18:24:15,011 Valid Scores - Epoch:53  Acc [(GR): 0.969 (VD): 0.993 (CD): 0.990]  Recall [(GR): 0.966 (VD): 0.991 (CD): 0.981 (Ave): 0.976]
2020-03-19 19:04:00,692 Train Scores - Epoch:54  Acc [(GR): 0.991 (VD): 0.997 (CD): 0.996]  Recall [(GR): 0.993 (VD): 0.996 (CD): 0.988 (Ave): 0.992]
2020-03-19 19:04:25,991 Valid Scores - Epoch:54  Acc [(GR): 0.970 (VD): 0.993 (CD): 0.990]  Recall [(GR): 0.967 (VD): 0.991 (CD): 0.982 (Ave): 0.977]
2020-03-19 19:44:39,831 Train Scores - Epoch:55  Acc [(GR): 0.991 (VD): 0.997 (CD): 0.996]  Recall [(GR): 0.993 (VD): 0.996 (CD): 0.988 (Ave): 0.992]
2020-03-19 19:45:05,121 Valid Scores - Epoch:55  Acc [(GR): 0.970 (VD): 0.993 (CD): 0.990]  Recall [(GR): 0.967 (VD): 0.991 (CD): 0.982 (Ave): 0.977]
2020-03-19 20:25:15,947 Train Scores - Epoch:56  Acc [(GR): 0.991 (VD): 0.997 (CD): 0.996]  Recall [(GR): 0.993 (VD): 0.996 (CD): 0.988 (Ave): 0.992]
2020-03-19 20:25:41,119 Valid Scores - Epoch:56  Acc [(GR): 0.970 (VD): 0.993 (CD): 0.990]  Recall [(GR): 0.967 (VD): 0.991 (CD): 0.981 (Ave): 0.977]
2020-03-19 21:06:49,164 Train Scores - Epoch:57  Acc [(GR): 0.991 (VD): 0.997 (CD): 0.996]  Recall [(GR): 0.993 (VD): 0.996 (CD): 0.988 (Ave): 0.992]
2020-03-19 21:07:29,449 Valid Scores - Epoch:57  Acc [(GR): 0.970 (VD): 0.993 (CD): 0.990]  Recall [(GR): 0.967 (VD): 0.991 (CD): 0.982 (Ave): 0.977]
2020-03-19 21:48:57,135 Train Scores - Epoch:58  Acc [(GR): 0.991 (VD): 0.997 (CD): 0.996]  Recall [(GR): 0.993 (VD): 0.996 (CD): 0.988 (Ave): 0.992]
2020-03-19 21:49:22,344 Valid Scores - Epoch:58  Acc [(GR): 0.970 (VD): 0.993 (CD): 0.990]  Recall [(GR): 0.967 (VD): 0.991 (CD): 0.982 (Ave): 0.977]
2020-03-19 22:29:38,706 Train Scores - Epoch:59  Acc [(GR): 0.991 (VD): 0.997 (CD): 0.996]  Recall [(GR): 0.993 (VD): 0.996 (CD): 0.988 (Ave): 0.992]
2020-03-19 22:30:04,151 Valid Scores - Epoch:59  Acc [(GR): 0.970 (VD): 0.993 (CD): 0.990]  Recall [(GR): 0.967 (VD): 0.991 (CD): 0.982 (Ave): 0.977]
2020-03-19 23:10:32,224 Train Scores - Epoch:60  Acc [(GR): 0.991 (VD): 0.997 (CD): 0.996]  Recall [(GR): 0.993 (VD): 0.995 (CD): 0.988 (Ave): 0.992]
2020-03-19 23:10:57,459 Valid Scores - Epoch:60  Acc [(GR): 0.970 (VD): 0.993 (CD): 0.990]  Recall [(GR): 0.967 (VD): 0.991 (CD): 0.983 (Ave): 0.977]
2020-03-19 23:10:57,459 rename model _model/temp_model_47.pth to _model/model_04.pth
2020-03-19 23:10:57,783 elapsed time: 2412.5 [min]
